{"D:\\Projects\\LAB\\NodeJS\\TimeTracker\\src\\server.ts": {"path":"D:\\Projects\\LAB\\NodeJS\\TimeTracker\\src\\server.ts","statementMap":{"0":{"start":{"line":1,"column":0},"end":{"line":1,"column":30}},"1":{"start":{"line":4,"column":0},"end":{"line":4,"column":28}},"2":{"start":{"line":5,"column":0},"end":{"line":5,"column":24}},"3":{"start":{"line":6,"column":0},"end":{"line":6,"column":43}},"4":{"start":{"line":7,"column":0},"end":{"line":7,"column":41}},"5":{"start":{"line":8,"column":0},"end":{"line":8,"column":48}},"6":{"start":{"line":9,"column":0},"end":{"line":9,"column":28}},"7":{"start":{"line":11,"column":0},"end":{"line":11,"column":27}},"8":{"start":{"line":13,"column":16},"end":{"line":13,"column":56}},"9":{"start":{"line":15,"column":21},"end":{"line":15,"column":52}},"10":{"start":{"line":17,"column":24},"end":{"line":17,"column":55}},"11":{"start":{"line":19,"column":33},"end":{"line":19,"column":81}},"12":{"start":{"line":21,"column":25},"end":{"line":21,"column":61}},"13":{"start":{"line":23,"column":15},"end":{"line":23,"column":39}},"14":{"start":{"line":28,"column":10},"end":{"line":28,"column":26}},"15":{"start":{"line":30,"column":4},"end":{"line":30,"column":22}},"16":{"start":{"line":31,"column":4},"end":{"line":31,"column":20}},"17":{"start":{"line":32,"column":4},"end":{"line":32,"column":44}},"18":{"start":{"line":35,"column":10},"end":{"line":66,"column":6}},"19":{"start":{"line":67,"column":10},"end":{"line":67,"column":40}},"20":{"start":{"line":68,"column":4},"end":{"line":68,"column":null}},"21":{"start":{"line":83,"column":4},"end":{"line":83,"column":71}},"22":{"start":{"line":84,"column":4},"end":{"line":84,"column":72}},"23":{"start":{"line":85,"column":4},"end":{"line":85,"column":70}},"24":{"start":{"line":88,"column":4},"end":{"line":88,"column":41}},"25":{"start":{"line":99,"column":4},"end":{"line":102,"column":7}},"26":{"start":{"line":100,"column":8},"end":{"line":101,"column":45}},"27":{"start":{"line":107,"column":4},"end":{"line":116,"column":7}},"28":{"start":{"line":108,"column":36},"end":{"line":108,"column":53}},"29":{"start":{"line":110,"column":8},"end":{"line":110,"column":30}},"30":{"start":{"line":111,"column":8},"end":{"line":111,"column":77}},"31":{"start":{"line":112,"column":8},"end":{"line":112,"column":38}},"32":{"start":{"line":113,"column":8},"end":{"line":113,"column":77}},"33":{"start":{"line":115,"column":8},"end":{"line":115,"column":23}},"34":{"start":{"line":119,"column":4},"end":{"line":121,"column":7}},"35":{"start":{"line":120,"column":8},"end":{"line":120,"column":52}},"36":{"start":{"line":124,"column":4},"end":{"line":124,"column":15}},"37":{"start":{"line":27,"column":0},"end":{"line":27,"column":22}}},"fnMap":{"0":{"name":"createServer","decl":{"start":{"line":27,"column":22},"end":{"line":27,"column":34}},"loc":{"start":{"line":27,"column":34},"end":{"line":125,"column":null}}},"1":{"name":"(anonymous_17)","decl":{"start":{"line":99,"column":17},"end":{"line":99,"column":18}},"loc":{"start":{"line":99,"column":26},"end":{"line":102,"column":5}}},"2":{"name":"(anonymous_18)","decl":{"start":{"line":107,"column":12},"end":{"line":107,"column":13}},"loc":{"start":{"line":107,"column":27},"end":{"line":116,"column":5}}},"3":{"name":"(anonymous_19)","decl":{"start":{"line":119,"column":12},"end":{"line":119,"column":13}},"loc":{"start":{"line":119,"column":32},"end":{"line":121,"column":5}}}},"branchMap":{},"s":{"0":4,"1":4,"2":4,"3":4,"4":4,"5":4,"6":4,"7":4,"8":4,"9":4,"10":4,"11":4,"12":4,"13":4,"14":4,"15":4,"16":4,"17":4,"18":4,"19":4,"20":4,"21":4,"22":4,"23":4,"24":4,"25":4,"26":0,"27":4,"28":0,"29":0,"30":0,"31":0,"32":0,"33":0,"34":4,"35":19,"36":4,"37":4},"f":{"0":4,"1":0,"2":0,"3":19},"b":{}}
,"D:\\Projects\\LAB\\NodeJS\\TimeTracker\\src\\DTO\\ActivityDTO.ts": {"path":"D:\\Projects\\LAB\\NodeJS\\TimeTracker\\src\\DTO\\ActivityDTO.ts","statementMap":{"0":{"start":{"line":39,"column":0},"end":{"line":39,"column":28}},"1":{"start":{"line":82,"column":0},"end":{"line":82,"column":13}},"2":{"start":{"line":93,"column":8},"end":{"line":94,"column":33}},"3":{"start":{"line":94,"column":12},"end":{"line":94,"column":33}},"4":{"start":{"line":96,"column":8},"end":{"line":97,"column":36}},"5":{"start":{"line":97,"column":12},"end":{"line":97,"column":36}},"6":{"start":{"line":99,"column":8},"end":{"line":100,"column":48}},"7":{"start":{"line":100,"column":12},"end":{"line":100,"column":48}},"8":{"start":{"line":102,"column":8},"end":{"line":103,"column":78}},"9":{"start":{"line":103,"column":12},"end":{"line":103,"column":78}},"10":{"start":{"line":105,"column":8},"end":{"line":106,"column":76}},"11":{"start":{"line":106,"column":12},"end":{"line":106,"column":76}},"12":{"start":{"line":108,"column":8},"end":{"line":109,"column":44}},"13":{"start":{"line":109,"column":12},"end":{"line":109,"column":44}},"14":{"start":{"line":111,"column":8},"end":{"line":114,"column":33}},"15":{"start":{"line":112,"column":12},"end":{"line":112,"column":72}},"16":{"start":{"line":114,"column":12},"end":{"line":114,"column":33}},"17":{"start":{"line":116,"column":8},"end":{"line":117,"column":34}},"18":{"start":{"line":117,"column":12},"end":{"line":117,"column":34}},"19":{"start":{"line":120,"column":11},"end":{"line":147,"column":null}},"20":{"start":{"line":121,"column":25},"end":{"line":121,"column":27}},"21":{"start":{"line":122,"column":8},"end":{"line":123,"column":35}},"22":{"start":{"line":123,"column":12},"end":{"line":123,"column":35}},"23":{"start":{"line":125,"column":8},"end":{"line":126,"column":38}},"24":{"start":{"line":126,"column":12},"end":{"line":126,"column":38}},"25":{"start":{"line":128,"column":8},"end":{"line":129,"column":50}},"26":{"start":{"line":129,"column":12},"end":{"line":129,"column":50}},"27":{"start":{"line":131,"column":8},"end":{"line":132,"column":78}},"28":{"start":{"line":132,"column":12},"end":{"line":132,"column":78}},"29":{"start":{"line":134,"column":8},"end":{"line":135,"column":76}},"30":{"start":{"line":135,"column":12},"end":{"line":135,"column":76}},"31":{"start":{"line":137,"column":8},"end":{"line":138,"column":46}},"32":{"start":{"line":138,"column":12},"end":{"line":138,"column":46}},"33":{"start":{"line":140,"column":8},"end":{"line":141,"column":72}},"34":{"start":{"line":141,"column":12},"end":{"line":141,"column":72}},"35":{"start":{"line":143,"column":8},"end":{"line":144,"column":36}},"36":{"start":{"line":144,"column":12},"end":{"line":144,"column":36}},"37":{"start":{"line":146,"column":8},"end":{"line":146,"column":21}},"38":{"start":{"line":148,"column":0},"end":{"line":148,"column":null}},"39":{"start":{"line":82,"column":13},"end":{"line":82,"column":24}}},"fnMap":{"0":{"name":"(anonymous_1)","decl":{"start":{"line":82,"column":0},"end":{"line":82,"column":13}},"loc":{"start":{"line":82,"column":0},"end":{"line":148,"column":null}}},"1":{"name":"ActivityDTO","decl":{"start":{"line":92,"column":4},"end":{"line":92,"column":16}},"loc":{"start":{"line":92,"column":24},"end":{"line":118,"column":5}}},"2":{"name":"(anonymous_3)","decl":{"start":{"line":120,"column":4},"end":{"line":120,"column":11}},"loc":{"start":{"line":120,"column":4},"end":{"line":147,"column":5}}}},"branchMap":{"0":{"loc":{"start":{"line":93,"column":8},"end":{"line":94,"column":33}},"type":"if","locations":[{"start":{"line":93,"column":8},"end":{"line":94,"column":33}},{"start":{"line":93,"column":8},"end":{"line":94,"column":33}}]},"1":{"loc":{"start":{"line":96,"column":8},"end":{"line":97,"column":36}},"type":"if","locations":[{"start":{"line":96,"column":8},"end":{"line":97,"column":36}},{"start":{"line":96,"column":8},"end":{"line":97,"column":36}}]},"2":{"loc":{"start":{"line":99,"column":8},"end":{"line":100,"column":48}},"type":"if","locations":[{"start":{"line":99,"column":8},"end":{"line":100,"column":48}},{"start":{"line":99,"column":8},"end":{"line":100,"column":48}}]},"3":{"loc":{"start":{"line":102,"column":8},"end":{"line":103,"column":78}},"type":"if","locations":[{"start":{"line":102,"column":8},"end":{"line":103,"column":78}},{"start":{"line":102,"column":8},"end":{"line":103,"column":78}}]},"4":{"loc":{"start":{"line":105,"column":8},"end":{"line":106,"column":76}},"type":"if","locations":[{"start":{"line":105,"column":8},"end":{"line":106,"column":76}},{"start":{"line":105,"column":8},"end":{"line":106,"column":76}}]},"5":{"loc":{"start":{"line":108,"column":8},"end":{"line":109,"column":44}},"type":"if","locations":[{"start":{"line":108,"column":8},"end":{"line":109,"column":44}},{"start":{"line":108,"column":8},"end":{"line":109,"column":44}}]},"6":{"loc":{"start":{"line":111,"column":8},"end":{"line":114,"column":33}},"type":"if","locations":[{"start":{"line":111,"column":8},"end":{"line":114,"column":33}},{"start":{"line":111,"column":8},"end":{"line":114,"column":33}}]},"7":{"loc":{"start":{"line":116,"column":8},"end":{"line":117,"column":34}},"type":"if","locations":[{"start":{"line":116,"column":8},"end":{"line":117,"column":34}},{"start":{"line":116,"column":8},"end":{"line":117,"column":34}}]},"8":{"loc":{"start":{"line":122,"column":8},"end":{"line":123,"column":35}},"type":"if","locations":[{"start":{"line":122,"column":8},"end":{"line":123,"column":35}},{"start":{"line":122,"column":8},"end":{"line":123,"column":35}}]},"9":{"loc":{"start":{"line":125,"column":8},"end":{"line":126,"column":38}},"type":"if","locations":[{"start":{"line":125,"column":8},"end":{"line":126,"column":38}},{"start":{"line":125,"column":8},"end":{"line":126,"column":38}}]},"10":{"loc":{"start":{"line":128,"column":8},"end":{"line":129,"column":50}},"type":"if","locations":[{"start":{"line":128,"column":8},"end":{"line":129,"column":50}},{"start":{"line":128,"column":8},"end":{"line":129,"column":50}}]},"11":{"loc":{"start":{"line":131,"column":8},"end":{"line":132,"column":78}},"type":"if","locations":[{"start":{"line":131,"column":8},"end":{"line":132,"column":78}},{"start":{"line":131,"column":8},"end":{"line":132,"column":78}}]},"12":{"loc":{"start":{"line":134,"column":8},"end":{"line":135,"column":76}},"type":"if","locations":[{"start":{"line":134,"column":8},"end":{"line":135,"column":76}},{"start":{"line":134,"column":8},"end":{"line":135,"column":76}}]},"13":{"loc":{"start":{"line":137,"column":8},"end":{"line":138,"column":46}},"type":"if","locations":[{"start":{"line":137,"column":8},"end":{"line":138,"column":46}},{"start":{"line":137,"column":8},"end":{"line":138,"column":46}}]},"14":{"loc":{"start":{"line":140,"column":8},"end":{"line":141,"column":72}},"type":"if","locations":[{"start":{"line":140,"column":8},"end":{"line":141,"column":72}},{"start":{"line":140,"column":8},"end":{"line":141,"column":72}}]},"15":{"loc":{"start":{"line":143,"column":8},"end":{"line":144,"column":36}},"type":"if","locations":[{"start":{"line":143,"column":8},"end":{"line":144,"column":36}},{"start":{"line":143,"column":8},"end":{"line":144,"column":36}}]}},"s":{"0":4,"1":4,"2":34,"3":26,"4":34,"5":13,"6":34,"7":28,"8":34,"9":28,"10":34,"11":33,"12":34,"13":34,"14":34,"15":34,"16":0,"17":34,"18":28,"19":4,"20":29,"21":29,"22":26,"23":29,"24":12,"25":29,"26":26,"27":29,"28":26,"29":29,"30":29,"31":29,"32":29,"33":29,"34":29,"35":29,"36":26,"37":29,"38":4,"39":4},"f":{"0":4,"1":34,"2":29},"b":{"0":[26,8],"1":[13,21],"2":[28,6],"3":[28,6],"4":[33,1],"5":[34,0],"6":[34,0],"7":[28,6],"8":[26,3],"9":[12,17],"10":[26,3],"11":[26,3],"12":[29,0],"13":[29,0],"14":[29,0],"15":[26,3]}}
,"D:\\Projects\\LAB\\NodeJS\\TimeTracker\\src\\DTO\\ResponseDTO.ts": {"path":"D:\\Projects\\LAB\\NodeJS\\TimeTracker\\src\\DTO\\ResponseDTO.ts","statementMap":{"0":{"start":{"line":29,"column":0},"end":{"line":29,"column":13}},"1":{"start":{"line":35,"column":0},"end":{"line":35,"column":null}},"2":{"start":{"line":29,"column":13},"end":{"line":29,"column":24}}},"fnMap":{"0":{"name":"(anonymous_0)","decl":{"start":{"line":29,"column":0},"end":{"line":29,"column":13}},"loc":{"start":{"line":29,"column":0},"end":{"line":35,"column":null}}}},"branchMap":{},"s":{"0":4,"1":4,"2":4},"f":{"0":39},"b":{}}
,"D:\\Projects\\LAB\\NodeJS\\TimeTracker\\src\\DTO\\SecurityDTO.ts": {"path":"D:\\Projects\\LAB\\NodeJS\\TimeTracker\\src\\DTO\\SecurityDTO.ts","statementMap":{"0":{"start":{"line":1,"column":10},"end":{"line":1,"column":27}},"1":{"start":{"line":49,"column":0},"end":{"line":49,"column":13}},"2":{"start":{"line":57,"column":8},"end":{"line":57,"column":44}},"3":{"start":{"line":58,"column":8},"end":{"line":58,"column":47}},"4":{"start":{"line":59,"column":8},"end":{"line":59,"column":47}},"5":{"start":{"line":60,"column":8},"end":{"line":60,"column":45}},"6":{"start":{"line":61,"column":8},"end":{"line":61,"column":49}},"7":{"start":{"line":63,"column":0},"end":{"line":63,"column":null}},"8":{"start":{"line":49,"column":13},"end":{"line":49,"column":24}}},"fnMap":{"0":{"name":"(anonymous_0)","decl":{"start":{"line":49,"column":0},"end":{"line":49,"column":13}},"loc":{"start":{"line":49,"column":0},"end":{"line":63,"column":null}}},"1":{"name":"SecurityDTO","decl":{"start":{"line":56,"column":4},"end":{"line":56,"column":16}},"loc":{"start":{"line":56,"column":24},"end":{"line":62,"column":5}}}},"branchMap":{},"s":{"0":4,"1":4,"2":5,"3":5,"4":5,"5":5,"6":5,"7":4,"8":4},"f":{"0":4,"1":5},"b":{}}
,"D:\\Projects\\LAB\\NodeJS\\TimeTracker\\src\\business\\ActivityBusiness.ts": {"path":"D:\\Projects\\LAB\\NodeJS\\TimeTracker\\src\\business\\ActivityBusiness.ts","statementMap":{"0":{"start":{"line":1,"column":10},"end":{"line":1,"column":27}},"1":{"start":{"line":2,"column":24},"end":{"line":2,"column":56}},"2":{"start":{"line":3,"column":21},"end":{"line":3,"column":53}},"3":{"start":{"line":5,"column":17},"end":{"line":5,"column":51}},"4":{"start":{"line":7,"column":0},"end":{"line":7,"column":28}},"5":{"start":{"line":9,"column":0},"end":{"line":9,"column":49}},"6":{"start":{"line":10,"column":0},"end":{"line":10,"column":49}},"7":{"start":{"line":14,"column":4},"end":{"line":28,"column":7}},"8":{"start":{"line":15,"column":8},"end":{"line":27,"column":null}},"9":{"start":{"line":17,"column":12},"end":{"line":23,"column":19}},"10":{"start":{"line":19,"column":20},"end":{"line":19,"column":34}},"11":{"start":{"line":22,"column":20},"end":{"line":22,"column":57}},"12":{"start":{"line":26,"column":12},"end":{"line":26,"column":49}},"13":{"start":{"line":32,"column":4},"end":{"line":57,"column":7}},"14":{"start":{"line":33,"column":8},"end":{"line":56,"column":null}},"15":{"start":{"line":35,"column":12},"end":{"line":52,"column":19}},"16":{"start":{"line":37,"column":20},"end":{"line":48,"column":null}},"17":{"start":{"line":38,"column":24},"end":{"line":38,"column":58}},"18":{"start":{"line":40,"column":52},"end":{"line":40,"column":69}},"19":{"start":{"line":42,"column":24},"end":{"line":42,"column":46}},"20":{"start":{"line":43,"column":24},"end":{"line":43,"column":80}},"21":{"start":{"line":44,"column":24},"end":{"line":44,"column":54}},"22":{"start":{"line":45,"column":24},"end":{"line":45,"column":93}},"23":{"start":{"line":47,"column":24},"end":{"line":47,"column":41}},"24":{"start":{"line":51,"column":20},"end":{"line":51,"column":57}},"25":{"start":{"line":55,"column":12},"end":{"line":55,"column":49}},"26":{"start":{"line":61,"column":4},"end":{"line":76,"column":7}},"27":{"start":{"line":62,"column":8},"end":{"line":75,"column":null}},"28":{"start":{"line":64,"column":12},"end":{"line":64,"column":34}},"29":{"start":{"line":65,"column":12},"end":{"line":71,"column":19}},"30":{"start":{"line":67,"column":20},"end":{"line":67,"column":34}},"31":{"start":{"line":70,"column":20},"end":{"line":70,"column":57}},"32":{"start":{"line":74,"column":12},"end":{"line":74,"column":49}},"33":{"start":{"line":109,"column":4},"end":{"line":134,"column":7}},"34":{"start":{"line":110,"column":8},"end":{"line":133,"column":null}},"35":{"start":{"line":112,"column":12},"end":{"line":129,"column":19}},"36":{"start":{"line":114,"column":20},"end":{"line":125,"column":null}},"37":{"start":{"line":115,"column":24},"end":{"line":115,"column":38}},"38":{"start":{"line":117,"column":52},"end":{"line":117,"column":69}},"39":{"start":{"line":119,"column":24},"end":{"line":119,"column":46}},"40":{"start":{"line":120,"column":24},"end":{"line":120,"column":80}},"41":{"start":{"line":121,"column":24},"end":{"line":121,"column":54}},"42":{"start":{"line":122,"column":24},"end":{"line":122,"column":93}},"43":{"start":{"line":124,"column":24},"end":{"line":124,"column":41}},"44":{"start":{"line":128,"column":20},"end":{"line":128,"column":57}},"45":{"start":{"line":132,"column":12},"end":{"line":132,"column":26}},"46":{"start":{"line":138,"column":4},"end":{"line":169,"column":7}},"47":{"start":{"line":139,"column":8},"end":{"line":168,"column":null}},"48":{"start":{"line":141,"column":12},"end":{"line":164,"column":19}},"49":{"start":{"line":143,"column":20},"end":{"line":160,"column":null}},"50":{"start":{"line":144,"column":52},"end":{"line":144,"column":69}},"51":{"start":{"line":146,"column":24},"end":{"line":146,"column":46}},"52":{"start":{"line":147,"column":24},"end":{"line":147,"column":92}},"53":{"start":{"line":148,"column":24},"end":{"line":148,"column":93}},"54":{"start":{"line":150,"column":24},"end":{"line":150,"column":38}},"55":{"start":{"line":152,"column":52},"end":{"line":152,"column":69}},"56":{"start":{"line":154,"column":24},"end":{"line":154,"column":46}},"57":{"start":{"line":155,"column":24},"end":{"line":155,"column":80}},"58":{"start":{"line":156,"column":24},"end":{"line":156,"column":54}},"59":{"start":{"line":157,"column":24},"end":{"line":157,"column":93}},"60":{"start":{"line":159,"column":24},"end":{"line":159,"column":41}},"61":{"start":{"line":163,"column":20},"end":{"line":163,"column":57}},"62":{"start":{"line":167,"column":12},"end":{"line":167,"column":26}},"63":{"start":{"line":172,"column":0},"end":{"line":179,"column":2}}},"fnMap":{"0":{"name":"getActivity","decl":{"start":{"line":13,"column":9},"end":{"line":13,"column":20}},"loc":{"start":{"line":13,"column":35},"end":{"line":29,"column":1}}},"1":{"name":"(anonymous_2)","decl":{"start":{"line":14,"column":23},"end":{"line":14,"column":24}},"loc":{"start":{"line":14,"column":49},"end":{"line":28,"column":5}}},"2":{"name":"(anonymous_3)","decl":{"start":{"line":18,"column":22},"end":{"line":18,"column":32}},"loc":{"start":{"line":18,"column":49},"end":{"line":20,"column":17}}},"3":{"name":"(anonymous_4)","decl":{"start":{"line":21,"column":23},"end":{"line":21,"column":33}},"loc":{"start":{"line":21,"column":38},"end":{"line":23,"column":17}}},"4":{"name":"getActivityById","decl":{"start":{"line":31,"column":9},"end":{"line":31,"column":24}},"loc":{"start":{"line":31,"column":51},"end":{"line":58,"column":1}}},"5":{"name":"(anonymous_6)","decl":{"start":{"line":32,"column":23},"end":{"line":32,"column":24}},"loc":{"start":{"line":32,"column":49},"end":{"line":57,"column":5}}},"6":{"name":"(anonymous_7)","decl":{"start":{"line":36,"column":22},"end":{"line":36,"column":32}},"loc":{"start":{"line":36,"column":41},"end":{"line":49,"column":17}}},"7":{"name":"(anonymous_8)","decl":{"start":{"line":50,"column":23},"end":{"line":50,"column":33}},"loc":{"start":{"line":50,"column":38},"end":{"line":52,"column":17}}},"8":{"name":"startActivity","decl":{"start":{"line":60,"column":9},"end":{"line":60,"column":22}},"loc":{"start":{"line":60,"column":60},"end":{"line":77,"column":1}}},"9":{"name":"(anonymous_10)","decl":{"start":{"line":61,"column":23},"end":{"line":61,"column":24}},"loc":{"start":{"line":61,"column":49},"end":{"line":76,"column":5}}},"10":{"name":"(anonymous_11)","decl":{"start":{"line":66,"column":22},"end":{"line":66,"column":32}},"loc":{"start":{"line":66,"column":41},"end":{"line":68,"column":17}}},"11":{"name":"(anonymous_12)","decl":{"start":{"line":69,"column":23},"end":{"line":69,"column":33}},"loc":{"start":{"line":69,"column":38},"end":{"line":71,"column":17}}},"12":{"name":"stopActivityById","decl":{"start":{"line":108,"column":9},"end":{"line":108,"column":25}},"loc":{"start":{"line":108,"column":75},"end":{"line":135,"column":1}}},"13":{"name":"(anonymous_14)","decl":{"start":{"line":109,"column":23},"end":{"line":109,"column":24}},"loc":{"start":{"line":109,"column":49},"end":{"line":134,"column":5}}},"14":{"name":"(anonymous_15)","decl":{"start":{"line":113,"column":22},"end":{"line":113,"column":32}},"loc":{"start":{"line":113,"column":41},"end":{"line":126,"column":17}}},"15":{"name":"(anonymous_16)","decl":{"start":{"line":127,"column":23},"end":{"line":127,"column":33}},"loc":{"start":{"line":127,"column":38},"end":{"line":129,"column":17}}},"16":{"name":"deleteActivityById","decl":{"start":{"line":137,"column":9},"end":{"line":137,"column":27}},"loc":{"start":{"line":137,"column":54},"end":{"line":170,"column":1}}},"17":{"name":"(anonymous_18)","decl":{"start":{"line":138,"column":23},"end":{"line":138,"column":24}},"loc":{"start":{"line":138,"column":49},"end":{"line":169,"column":5}}},"18":{"name":"(anonymous_19)","decl":{"start":{"line":142,"column":22},"end":{"line":142,"column":32}},"loc":{"start":{"line":142,"column":49},"end":{"line":161,"column":17}}},"19":{"name":"(anonymous_20)","decl":{"start":{"line":162,"column":23},"end":{"line":162,"column":33}},"loc":{"start":{"line":162,"column":38},"end":{"line":164,"column":17}}}},"branchMap":{"0":{"loc":{"start":{"line":37,"column":20},"end":{"line":48,"column":null}},"type":"if","locations":[{"start":{"line":37,"column":20},"end":{"line":48,"column":null}},{"start":{"line":37,"column":20},"end":{"line":48,"column":null}}]},"1":{"loc":{"start":{"line":114,"column":20},"end":{"line":125,"column":null}},"type":"if","locations":[{"start":{"line":114,"column":20},"end":{"line":125,"column":null}},{"start":{"line":114,"column":20},"end":{"line":125,"column":null}}]},"2":{"loc":{"start":{"line":143,"column":20},"end":{"line":160,"column":null}},"type":"if","locations":[{"start":{"line":143,"column":20},"end":{"line":160,"column":null}},{"start":{"line":143,"column":20},"end":{"line":160,"column":null}}]}},"s":{"0":4,"1":4,"2":4,"3":4,"4":4,"5":4,"6":4,"7":1,"8":1,"9":1,"10":1,"11":0,"12":0,"13":3,"14":3,"15":3,"16":2,"17":1,"18":1,"19":1,"20":1,"21":1,"22":1,"23":1,"24":1,"25":0,"26":2,"27":2,"28":2,"29":2,"30":2,"31":0,"32":0,"33":3,"34":3,"35":3,"36":2,"37":1,"38":1,"39":1,"40":1,"41":1,"42":1,"43":1,"44":1,"45":0,"46":3,"47":3,"48":3,"49":2,"50":1,"51":1,"52":1,"53":1,"54":1,"55":1,"56":1,"57":1,"58":1,"59":1,"60":1,"61":1,"62":0,"63":4},"f":{"0":1,"1":1,"2":1,"3":0,"4":3,"5":3,"6":2,"7":1,"8":2,"9":2,"10":2,"11":0,"12":3,"13":3,"14":2,"15":1,"16":3,"17":3,"18":2,"19":1},"b":{"0":[1,1],"1":[1,1],"2":[1,1]}}
,"D:\\Projects\\LAB\\NodeJS\\TimeTracker\\src\\business\\ProjectBusiness.ts": {"path":"D:\\Projects\\LAB\\NodeJS\\TimeTracker\\src\\business\\ProjectBusiness.ts","statementMap":{"0":{"start":{"line":1,"column":10},"end":{"line":1,"column":27}},"1":{"start":{"line":2,"column":24},"end":{"line":2,"column":56}},"2":{"start":{"line":3,"column":21},"end":{"line":3,"column":53}},"3":{"start":{"line":5,"column":16},"end":{"line":5,"column":49}},"4":{"start":{"line":7,"column":0},"end":{"line":7,"column":28}},"5":{"start":{"line":10,"column":0},"end":{"line":10,"column":49}},"6":{"start":{"line":13,"column":4},"end":{"line":27,"column":7}},"7":{"start":{"line":14,"column":8},"end":{"line":26,"column":null}},"8":{"start":{"line":16,"column":12},"end":{"line":22,"column":19}},"9":{"start":{"line":18,"column":20},"end":{"line":18,"column":34}},"10":{"start":{"line":21,"column":20},"end":{"line":21,"column":57}},"11":{"start":{"line":25,"column":12},"end":{"line":25,"column":49}},"12":{"start":{"line":31,"column":4},"end":{"line":56,"column":7}},"13":{"start":{"line":32,"column":8},"end":{"line":55,"column":null}},"14":{"start":{"line":34,"column":8},"end":{"line":51,"column":19}},"15":{"start":{"line":36,"column":20},"end":{"line":47,"column":null}},"16":{"start":{"line":37,"column":24},"end":{"line":37,"column":38}},"17":{"start":{"line":39,"column":52},"end":{"line":39,"column":69}},"18":{"start":{"line":41,"column":24},"end":{"line":41,"column":46}},"19":{"start":{"line":42,"column":24},"end":{"line":42,"column":79}},"20":{"start":{"line":43,"column":24},"end":{"line":43,"column":54}},"21":{"start":{"line":44,"column":24},"end":{"line":44,"column":93}},"22":{"start":{"line":46,"column":24},"end":{"line":46,"column":41}},"23":{"start":{"line":50,"column":20},"end":{"line":50,"column":57}},"24":{"start":{"line":54,"column":12},"end":{"line":54,"column":49}},"25":{"start":{"line":60,"column":4},"end":{"line":75,"column":7}},"26":{"start":{"line":61,"column":8},"end":{"line":74,"column":null}},"27":{"start":{"line":64,"column":12},"end":{"line":70,"column":19}},"28":{"start":{"line":66,"column":20},"end":{"line":66,"column":34}},"29":{"start":{"line":69,"column":20},"end":{"line":69,"column":57}},"30":{"start":{"line":73,"column":12},"end":{"line":73,"column":49}},"31":{"start":{"line":79,"column":4},"end":{"line":104,"column":7}},"32":{"start":{"line":80,"column":8},"end":{"line":103,"column":null}},"33":{"start":{"line":82,"column":12},"end":{"line":99,"column":19}},"34":{"start":{"line":84,"column":20},"end":{"line":95,"column":null}},"35":{"start":{"line":85,"column":24},"end":{"line":85,"column":38}},"36":{"start":{"line":87,"column":52},"end":{"line":87,"column":69}},"37":{"start":{"line":89,"column":24},"end":{"line":89,"column":46}},"38":{"start":{"line":90,"column":24},"end":{"line":90,"column":79}},"39":{"start":{"line":91,"column":24},"end":{"line":91,"column":54}},"40":{"start":{"line":92,"column":24},"end":{"line":92,"column":93}},"41":{"start":{"line":94,"column":24},"end":{"line":94,"column":41}},"42":{"start":{"line":98,"column":20},"end":{"line":98,"column":57}},"43":{"start":{"line":102,"column":12},"end":{"line":102,"column":26}},"44":{"start":{"line":108,"column":4},"end":{"line":139,"column":7}},"45":{"start":{"line":109,"column":8},"end":{"line":138,"column":null}},"46":{"start":{"line":111,"column":12},"end":{"line":134,"column":19}},"47":{"start":{"line":113,"column":20},"end":{"line":130,"column":null}},"48":{"start":{"line":114,"column":52},"end":{"line":114,"column":69}},"49":{"start":{"line":116,"column":24},"end":{"line":116,"column":46}},"50":{"start":{"line":117,"column":24},"end":{"line":117,"column":91}},"51":{"start":{"line":118,"column":24},"end":{"line":118,"column":93}},"52":{"start":{"line":120,"column":24},"end":{"line":120,"column":38}},"53":{"start":{"line":122,"column":52},"end":{"line":122,"column":69}},"54":{"start":{"line":124,"column":24},"end":{"line":124,"column":46}},"55":{"start":{"line":125,"column":24},"end":{"line":125,"column":79}},"56":{"start":{"line":126,"column":24},"end":{"line":126,"column":54}},"57":{"start":{"line":127,"column":24},"end":{"line":127,"column":93}},"58":{"start":{"line":129,"column":24},"end":{"line":129,"column":41}},"59":{"start":{"line":133,"column":20},"end":{"line":133,"column":57}},"60":{"start":{"line":137,"column":12},"end":{"line":137,"column":26}},"61":{"start":{"line":142,"column":0},"end":{"line":148,"column":2}}},"fnMap":{"0":{"name":"getProject","decl":{"start":{"line":12,"column":9},"end":{"line":12,"column":19}},"loc":{"start":{"line":12,"column":34},"end":{"line":28,"column":1}}},"1":{"name":"(anonymous_2)","decl":{"start":{"line":13,"column":23},"end":{"line":13,"column":24}},"loc":{"start":{"line":13,"column":49},"end":{"line":27,"column":5}}},"2":{"name":"(anonymous_3)","decl":{"start":{"line":17,"column":22},"end":{"line":17,"column":32}},"loc":{"start":{"line":17,"column":48},"end":{"line":19,"column":17}}},"3":{"name":"(anonymous_4)","decl":{"start":{"line":20,"column":23},"end":{"line":20,"column":33}},"loc":{"start":{"line":20,"column":38},"end":{"line":22,"column":17}}},"4":{"name":"getProjectById","decl":{"start":{"line":30,"column":9},"end":{"line":30,"column":23}},"loc":{"start":{"line":30,"column":50},"end":{"line":57,"column":1}}},"5":{"name":"(anonymous_6)","decl":{"start":{"line":31,"column":23},"end":{"line":31,"column":24}},"loc":{"start":{"line":31,"column":49},"end":{"line":56,"column":5}}},"6":{"name":"(anonymous_7)","decl":{"start":{"line":35,"column":22},"end":{"line":35,"column":32}},"loc":{"start":{"line":35,"column":48},"end":{"line":48,"column":17}}},"7":{"name":"(anonymous_8)","decl":{"start":{"line":49,"column":23},"end":{"line":49,"column":33}},"loc":{"start":{"line":49,"column":38},"end":{"line":51,"column":17}}},"8":{"name":"addProject","decl":{"start":{"line":59,"column":9},"end":{"line":59,"column":19}},"loc":{"start":{"line":59,"column":55},"end":{"line":76,"column":1}}},"9":{"name":"(anonymous_10)","decl":{"start":{"line":60,"column":23},"end":{"line":60,"column":24}},"loc":{"start":{"line":60,"column":49},"end":{"line":75,"column":5}}},"10":{"name":"(anonymous_11)","decl":{"start":{"line":65,"column":22},"end":{"line":65,"column":32}},"loc":{"start":{"line":65,"column":48},"end":{"line":67,"column":17}}},"11":{"name":"(anonymous_12)","decl":{"start":{"line":68,"column":23},"end":{"line":68,"column":33}},"loc":{"start":{"line":68,"column":38},"end":{"line":70,"column":17}}},"12":{"name":"updateProjectById","decl":{"start":{"line":78,"column":9},"end":{"line":78,"column":26}},"loc":{"start":{"line":78,"column":74},"end":{"line":105,"column":1}}},"13":{"name":"(anonymous_14)","decl":{"start":{"line":79,"column":23},"end":{"line":79,"column":24}},"loc":{"start":{"line":79,"column":49},"end":{"line":104,"column":5}}},"14":{"name":"(anonymous_15)","decl":{"start":{"line":83,"column":22},"end":{"line":83,"column":32}},"loc":{"start":{"line":83,"column":48},"end":{"line":96,"column":17}}},"15":{"name":"(anonymous_16)","decl":{"start":{"line":97,"column":23},"end":{"line":97,"column":33}},"loc":{"start":{"line":97,"column":38},"end":{"line":99,"column":17}}},"16":{"name":"deleteProjectById","decl":{"start":{"line":107,"column":9},"end":{"line":107,"column":26}},"loc":{"start":{"line":107,"column":53},"end":{"line":140,"column":1}}},"17":{"name":"(anonymous_18)","decl":{"start":{"line":108,"column":23},"end":{"line":108,"column":24}},"loc":{"start":{"line":108,"column":49},"end":{"line":139,"column":5}}},"18":{"name":"(anonymous_19)","decl":{"start":{"line":112,"column":22},"end":{"line":112,"column":32}},"loc":{"start":{"line":112,"column":48},"end":{"line":131,"column":17}}},"19":{"name":"(anonymous_20)","decl":{"start":{"line":132,"column":23},"end":{"line":132,"column":33}},"loc":{"start":{"line":132,"column":38},"end":{"line":134,"column":17}}}},"branchMap":{"0":{"loc":{"start":{"line":36,"column":20},"end":{"line":47,"column":null}},"type":"if","locations":[{"start":{"line":36,"column":20},"end":{"line":47,"column":null}},{"start":{"line":36,"column":20},"end":{"line":47,"column":null}}]},"1":{"loc":{"start":{"line":84,"column":20},"end":{"line":95,"column":null}},"type":"if","locations":[{"start":{"line":84,"column":20},"end":{"line":95,"column":null}},{"start":{"line":84,"column":20},"end":{"line":95,"column":null}}]},"2":{"loc":{"start":{"line":113,"column":20},"end":{"line":130,"column":null}},"type":"if","locations":[{"start":{"line":113,"column":20},"end":{"line":130,"column":null}},{"start":{"line":113,"column":20},"end":{"line":130,"column":null}}]}},"s":{"0":4,"1":4,"2":4,"3":4,"4":4,"5":4,"6":1,"7":1,"8":1,"9":1,"10":0,"11":0,"12":4,"13":4,"14":4,"15":3,"16":1,"17":2,"18":2,"19":2,"20":2,"21":2,"22":2,"23":1,"24":0,"25":1,"26":1,"27":1,"28":1,"29":0,"30":0,"31":2,"32":2,"33":2,"34":1,"35":1,"36":0,"37":0,"38":0,"39":0,"40":0,"41":0,"42":1,"43":0,"44":3,"45":3,"46":3,"47":2,"48":1,"49":1,"50":1,"51":1,"52":1,"53":1,"54":1,"55":1,"56":1,"57":1,"58":1,"59":1,"60":0,"61":4},"f":{"0":1,"1":1,"2":1,"3":0,"4":4,"5":4,"6":3,"7":1,"8":1,"9":1,"10":1,"11":0,"12":2,"13":2,"14":1,"15":1,"16":3,"17":3,"18":2,"19":1},"b":{"0":[1,2],"1":[1,0],"2":[1,1]}}
,"D:\\Projects\\LAB\\NodeJS\\TimeTracker\\src\\business\\ReportBusiness.ts": {"path":"D:\\Projects\\LAB\\NodeJS\\TimeTracker\\src\\business\\ReportBusiness.ts","statementMap":{"0":{"start":{"line":1,"column":10},"end":{"line":1,"column":27}},"1":{"start":{"line":2,"column":24},"end":{"line":2,"column":56}},"2":{"start":{"line":3,"column":21},"end":{"line":3,"column":53}},"3":{"start":{"line":5,"column":15},"end":{"line":5,"column":47}},"4":{"start":{"line":6,"column":17},"end":{"line":6,"column":51}},"5":{"start":{"line":7,"column":16},"end":{"line":7,"column":49}},"6":{"start":{"line":8,"column":13},"end":{"line":8,"column":43}},"7":{"start":{"line":10,"column":0},"end":{"line":10,"column":33}},"8":{"start":{"line":18,"column":4},"end":{"line":134,"column":7}},"9":{"start":{"line":19,"column":8},"end":{"line":133,"column":null}},"10":{"start":{"line":21,"column":12},"end":{"line":129,"column":19}},"11":{"start":{"line":102,"column":20},"end":{"line":124,"column":23}},"12":{"start":{"line":103,"column":24},"end":{"line":123,"column":27}},"13":{"start":{"line":104,"column":28},"end":{"line":122,"column":null}},"14":{"start":{"line":113,"column":32},"end":{"line":113,"column":70}},"15":{"start":{"line":114,"column":32},"end":{"line":117,"column":35}},"16":{"start":{"line":115,"column":36},"end":{"line":116,"column":104}},"17":{"start":{"line":118,"column":35},"end":{"line":122,"column":null}},"18":{"start":{"line":119,"column":32},"end":{"line":119,"column":93}},"19":{"start":{"line":121,"column":32},"end":{"line":121,"column":61}},"20":{"start":{"line":125,"column":20},"end":{"line":125,"column":34}},"21":{"start":{"line":128,"column":20},"end":{"line":128,"column":57}},"22":{"start":{"line":132,"column":12},"end":{"line":132,"column":49}},"23":{"start":{"line":138,"column":4},"end":{"line":220,"column":7}},"24":{"start":{"line":139,"column":8},"end":{"line":219,"column":null}},"25":{"start":{"line":141,"column":12},"end":{"line":215,"column":19}},"26":{"start":{"line":188,"column":20},"end":{"line":210,"column":23}},"27":{"start":{"line":189,"column":24},"end":{"line":209,"column":27}},"28":{"start":{"line":190,"column":28},"end":{"line":208,"column":null}},"29":{"start":{"line":199,"column":32},"end":{"line":199,"column":70}},"30":{"start":{"line":200,"column":32},"end":{"line":203,"column":35}},"31":{"start":{"line":201,"column":36},"end":{"line":202,"column":104}},"32":{"start":{"line":204,"column":35},"end":{"line":208,"column":null}},"33":{"start":{"line":205,"column":32},"end":{"line":205,"column":93}},"34":{"start":{"line":207,"column":32},"end":{"line":207,"column":61}},"35":{"start":{"line":211,"column":20},"end":{"line":211,"column":34}},"36":{"start":{"line":214,"column":20},"end":{"line":214,"column":57}},"37":{"start":{"line":218,"column":12},"end":{"line":218,"column":49}},"38":{"start":{"line":226,"column":0},"end":{"line":229,"column":2}}},"fnMap":{"0":{"name":"getActivitiesByUser","decl":{"start":{"line":17,"column":9},"end":{"line":17,"column":28}},"loc":{"start":{"line":17,"column":43},"end":{"line":135,"column":1}}},"1":{"name":"(anonymous_7)","decl":{"start":{"line":18,"column":23},"end":{"line":18,"column":24}},"loc":{"start":{"line":18,"column":49},"end":{"line":134,"column":5}}},"2":{"name":"(anonymous_8)","decl":{"start":{"line":101,"column":22},"end":{"line":101,"column":32}},"loc":{"start":{"line":101,"column":43},"end":{"line":126,"column":17}}},"3":{"name":"(anonymous_9)","decl":{"start":{"line":102,"column":33},"end":{"line":102,"column":37}},"loc":{"start":{"line":102,"column":37},"end":{"line":124,"column":21}}},"4":{"name":"(anonymous_10)","decl":{"start":{"line":103,"column":43},"end":{"line":103,"column":44}},"loc":{"start":{"line":103,"column":74},"end":{"line":123,"column":25}}},"5":{"name":"(anonymous_11)","decl":{"start":{"line":114,"column":62},"end":{"line":114,"column":70}},"loc":{"start":{"line":114,"column":70},"end":{"line":117,"column":33}}},"6":{"name":"(anonymous_12)","decl":{"start":{"line":127,"column":23},"end":{"line":127,"column":33}},"loc":{"start":{"line":127,"column":38},"end":{"line":129,"column":17}}},"7":{"name":"getActivitiesByProject","decl":{"start":{"line":137,"column":9},"end":{"line":137,"column":31}},"loc":{"start":{"line":137,"column":46},"end":{"line":221,"column":1}}},"8":{"name":"(anonymous_14)","decl":{"start":{"line":138,"column":23},"end":{"line":138,"column":24}},"loc":{"start":{"line":138,"column":49},"end":{"line":220,"column":5}}},"9":{"name":"(anonymous_15)","decl":{"start":{"line":187,"column":22},"end":{"line":187,"column":32}},"loc":{"start":{"line":187,"column":43},"end":{"line":212,"column":17}}},"10":{"name":"(anonymous_16)","decl":{"start":{"line":188,"column":33},"end":{"line":188,"column":40}},"loc":{"start":{"line":188,"column":40},"end":{"line":210,"column":21}}},"11":{"name":"(anonymous_17)","decl":{"start":{"line":189,"column":49},"end":{"line":189,"column":50}},"loc":{"start":{"line":189,"column":80},"end":{"line":209,"column":25}}},"12":{"name":"(anonymous_18)","decl":{"start":{"line":200,"column":62},"end":{"line":200,"column":70}},"loc":{"start":{"line":200,"column":70},"end":{"line":203,"column":33}}},"13":{"name":"(anonymous_19)","decl":{"start":{"line":213,"column":23},"end":{"line":213,"column":33}},"loc":{"start":{"line":213,"column":38},"end":{"line":215,"column":17}}}},"branchMap":{"0":{"loc":{"start":{"line":104,"column":28},"end":{"line":122,"column":null}},"type":"if","locations":[{"start":{"line":104,"column":28},"end":{"line":122,"column":null}},{"start":{"line":104,"column":28},"end":{"line":122,"column":null}}]},"1":{"loc":{"start":{"line":118,"column":35},"end":{"line":122,"column":null}},"type":"if","locations":[{"start":{"line":118,"column":35},"end":{"line":122,"column":null}},{"start":{"line":118,"column":35},"end":{"line":122,"column":null}}]},"2":{"loc":{"start":{"line":190,"column":28},"end":{"line":208,"column":null}},"type":"if","locations":[{"start":{"line":190,"column":28},"end":{"line":208,"column":null}},{"start":{"line":190,"column":28},"end":{"line":208,"column":null}}]},"3":{"loc":{"start":{"line":204,"column":35},"end":{"line":208,"column":null}},"type":"if","locations":[{"start":{"line":204,"column":35},"end":{"line":208,"column":null}},{"start":{"line":204,"column":35},"end":{"line":208,"column":null}}]}},"s":{"0":4,"1":4,"2":4,"3":4,"4":4,"5":4,"6":4,"7":4,"8":3,"9":3,"10":3,"11":3,"12":12,"13":48,"14":6,"15":6,"16":69,"17":42,"18":6,"19":36,"20":3,"21":0,"22":0,"23":1,"24":1,"25":1,"26":1,"27":4,"28":16,"29":2,"30":2,"31":23,"32":14,"33":2,"34":12,"35":1,"36":0,"37":0,"38":4},"f":{"0":3,"1":3,"2":3,"3":12,"4":48,"5":69,"6":0,"7":1,"8":1,"9":1,"10":4,"11":16,"12":23,"13":0},"b":{"0":[6,42],"1":[6,36],"2":[2,14],"3":[2,12]}}
,"D:\\Projects\\LAB\\NodeJS\\TimeTracker\\src\\business\\SecurityBusiness.ts": {"path":"D:\\Projects\\LAB\\NodeJS\\TimeTracker\\src\\business\\SecurityBusiness.ts","statementMap":{"0":{"start":{"line":1,"column":0},"end":{"line":1,"column":28}},"1":{"start":{"line":2,"column":0},"end":{"line":2,"column":49}},"2":{"start":{"line":3,"column":0},"end":{"line":3,"column":49}},"3":{"start":{"line":5,"column":10},"end":{"line":5,"column":27}},"4":{"start":{"line":6,"column":12},"end":{"line":6,"column":35}},"5":{"start":{"line":7,"column":24},"end":{"line":7,"column":56}},"6":{"start":{"line":8,"column":21},"end":{"line":8,"column":53}},"7":{"start":{"line":10,"column":13},"end":{"line":10,"column":43}},"8":{"start":{"line":14,"column":4},"end":{"line":49,"column":7}},"9":{"start":{"line":15,"column":8},"end":{"line":48,"column":null}},"10":{"start":{"line":17,"column":12},"end":{"line":44,"column":19}},"11":{"start":{"line":19,"column":20},"end":{"line":40,"column":null}},"12":{"start":{"line":20,"column":45},"end":{"line":24,"column":26}},"13":{"start":{"line":26,"column":24},"end":{"line":28,"column":27}},"14":{"start":{"line":30,"column":24},"end":{"line":30,"column":55}},"15":{"start":{"line":32,"column":52},"end":{"line":32,"column":69}},"16":{"start":{"line":34,"column":24},"end":{"line":34,"column":46}},"17":{"start":{"line":35,"column":24},"end":{"line":35,"column":77}},"18":{"start":{"line":36,"column":24},"end":{"line":36,"column":64}},"19":{"start":{"line":37,"column":24},"end":{"line":37,"column":93}},"20":{"start":{"line":39,"column":24},"end":{"line":39,"column":41}},"21":{"start":{"line":43,"column":20},"end":{"line":43,"column":57}},"22":{"start":{"line":47,"column":12},"end":{"line":47,"column":49}},"23":{"start":{"line":55,"column":0},"end":{"line":57,"column":2}}},"fnMap":{"0":{"name":"login","decl":{"start":{"line":13,"column":9},"end":{"line":13,"column":14}},"loc":{"start":{"line":13,"column":47},"end":{"line":50,"column":1}}},"1":{"name":"(anonymous_2)","decl":{"start":{"line":14,"column":23},"end":{"line":14,"column":24}},"loc":{"start":{"line":14,"column":49},"end":{"line":49,"column":5}}},"2":{"name":"(anonymous_3)","decl":{"start":{"line":18,"column":22},"end":{"line":18,"column":32}},"loc":{"start":{"line":18,"column":41},"end":{"line":41,"column":17}}},"3":{"name":"(anonymous_4)","decl":{"start":{"line":42,"column":23},"end":{"line":42,"column":33}},"loc":{"start":{"line":42,"column":38},"end":{"line":44,"column":17}}}},"branchMap":{"0":{"loc":{"start":{"line":19,"column":20},"end":{"line":40,"column":null}},"type":"if","locations":[{"start":{"line":19,"column":20},"end":{"line":40,"column":null}},{"start":{"line":19,"column":20},"end":{"line":40,"column":null}}]}},"s":{"0":4,"1":4,"2":4,"3":4,"4":4,"5":4,"6":4,"7":4,"8":6,"9":6,"10":6,"11":6,"12":5,"13":5,"14":5,"15":1,"16":1,"17":1,"18":1,"19":1,"20":1,"21":0,"22":0,"23":4},"f":{"0":6,"1":6,"2":6,"3":0},"b":{"0":[5,1]}}
,"D:\\Projects\\LAB\\NodeJS\\TimeTracker\\src\\connectors\\MongoDBConnector.ts": {"path":"D:\\Projects\\LAB\\NodeJS\\TimeTracker\\src\\connectors\\MongoDBConnector.ts","statementMap":{"0":{"start":{"line":1,"column":17},"end":{"line":1,"column":36}},"1":{"start":{"line":2,"column":24},"end":{"line":2,"column":56}},"2":{"start":{"line":5,"column":20},"end":{"line":5,"column":165}},"3":{"start":{"line":9,"column":0},"end":{"line":18,"column":7}},"4":{"start":{"line":13,"column":8},"end":{"line":13,"column":52}},"5":{"start":{"line":16,"column":8},"end":{"line":16,"column":68}},"6":{"start":{"line":17,"column":8},"end":{"line":17,"column":29}},"7":{"start":{"line":20,"column":0},"end":{"line":20,"column":18}}},"fnMap":{"0":{"name":"(anonymous_0)","decl":{"start":{"line":12,"column":10},"end":{"line":12,"column":null}},"loc":{"start":{"line":12,"column":10},"end":{"line":14,"column":5}}},"1":{"name":"(anonymous_1)","decl":{"start":{"line":15,"column":11},"end":{"line":15,"column":12}},"loc":{"start":{"line":15,"column":12},"end":{"line":18,"column":5}}}},"branchMap":{},"s":{"0":4,"1":4,"2":4,"3":4,"4":4,"5":0,"6":0,"7":4},"f":{"0":4,"1":0},"b":{}}
,"D:\\Projects\\LAB\\NodeJS\\TimeTracker\\src\\controllers\\ActivityController.ts": {"path":"D:\\Projects\\LAB\\NodeJS\\TimeTracker\\src\\controllers\\ActivityController.ts","statementMap":{"0":{"start":{"line":1,"column":10},"end":{"line":1,"column":27}},"1":{"start":{"line":2,"column":21},"end":{"line":2,"column":53}},"2":{"start":{"line":4,"column":0},"end":{"line":4,"column":28}},"3":{"start":{"line":5,"column":0},"end":{"line":5,"column":49}},"4":{"start":{"line":6,"column":0},"end":{"line":6,"column":49}},"5":{"start":{"line":8,"column":25},"end":{"line":8,"column":64}},"6":{"start":{"line":12,"column":4},"end":{"line":27,"column":null}},"7":{"start":{"line":14,"column":8},"end":{"line":23,"column":15}},"8":{"start":{"line":16,"column":49},"end":{"line":18,"column":18}},"9":{"start":{"line":17,"column":20},"end":{"line":17,"column":59}},"10":{"start":{"line":19,"column":16},"end":{"line":19,"column":50}},"11":{"start":{"line":22,"column":16},"end":{"line":22,"column":28}},"12":{"start":{"line":26,"column":8},"end":{"line":26,"column":43}},"13":{"start":{"line":31,"column":4},"end":{"line":59,"column":null}},"14":{"start":{"line":33,"column":25},"end":{"line":33,"column":60}},"15":{"start":{"line":35,"column":8},"end":{"line":45,"column":null}},"16":{"start":{"line":36,"column":40},"end":{"line":36,"column":57}},"17":{"start":{"line":38,"column":12},"end":{"line":38,"column":34}},"18":{"start":{"line":39,"column":12},"end":{"line":39,"column":61}},"19":{"start":{"line":40,"column":12},"end":{"line":40,"column":44}},"20":{"start":{"line":41,"column":12},"end":{"line":41,"column":81}},"21":{"start":{"line":43,"column":12},"end":{"line":43,"column":27}},"22":{"start":{"line":44,"column":12},"end":{"line":44,"column":19}},"23":{"start":{"line":47,"column":8},"end":{"line":54,"column":15}},"24":{"start":{"line":49,"column":16},"end":{"line":49,"column":70}},"25":{"start":{"line":52,"column":16},"end":{"line":52,"column":28}},"26":{"start":{"line":53,"column":16},"end":{"line":53,"column":23}},"27":{"start":{"line":57,"column":8},"end":{"line":57,"column":43}},"28":{"start":{"line":58,"column":8},"end":{"line":58,"column":15}},"29":{"start":{"line":63,"column":4},"end":{"line":115,"column":null}},"30":{"start":{"line":65,"column":32},"end":{"line":65,"column":40}},"31":{"start":{"line":67,"column":8},"end":{"line":77,"column":null}},"32":{"start":{"line":68,"column":40},"end":{"line":68,"column":57}},"33":{"start":{"line":70,"column":12},"end":{"line":70,"column":34}},"34":{"start":{"line":71,"column":12},"end":{"line":71,"column":61}},"35":{"start":{"line":72,"column":12},"end":{"line":72,"column":44}},"36":{"start":{"line":73,"column":12},"end":{"line":73,"column":81}},"37":{"start":{"line":75,"column":12},"end":{"line":75,"column":27}},"38":{"start":{"line":76,"column":12},"end":{"line":76,"column":19}},"39":{"start":{"line":79,"column":8},"end":{"line":89,"column":null}},"40":{"start":{"line":80,"column":40},"end":{"line":80,"column":57}},"41":{"start":{"line":82,"column":12},"end":{"line":82,"column":34}},"42":{"start":{"line":83,"column":12},"end":{"line":83,"column":74}},"43":{"start":{"line":84,"column":12},"end":{"line":84,"column":44}},"44":{"start":{"line":85,"column":12},"end":{"line":85,"column":81}},"45":{"start":{"line":87,"column":12},"end":{"line":87,"column":27}},"46":{"start":{"line":88,"column":12},"end":{"line":88,"column":19}},"47":{"start":{"line":91,"column":8},"end":{"line":101,"column":null}},"48":{"start":{"line":92,"column":40},"end":{"line":92,"column":57}},"49":{"start":{"line":94,"column":12},"end":{"line":94,"column":34}},"50":{"start":{"line":95,"column":12},"end":{"line":95,"column":68}},"51":{"start":{"line":96,"column":12},"end":{"line":96,"column":44}},"52":{"start":{"line":97,"column":12},"end":{"line":97,"column":81}},"53":{"start":{"line":99,"column":12},"end":{"line":99,"column":27}},"54":{"start":{"line":100,"column":12},"end":{"line":100,"column":19}},"55":{"start":{"line":103,"column":8},"end":{"line":110,"column":15}},"56":{"start":{"line":105,"column":16},"end":{"line":105,"column":43}},"57":{"start":{"line":108,"column":16},"end":{"line":108,"column":28}},"58":{"start":{"line":109,"column":16},"end":{"line":109,"column":23}},"59":{"start":{"line":113,"column":8},"end":{"line":113,"column":43}},"60":{"start":{"line":114,"column":8},"end":{"line":114,"column":15}},"61":{"start":{"line":138,"column":4},"end":{"line":191,"column":null}},"62":{"start":{"line":140,"column":25},"end":{"line":140,"column":60}},"63":{"start":{"line":141,"column":32},"end":{"line":141,"column":40}},"64":{"start":{"line":143,"column":8},"end":{"line":153,"column":null}},"65":{"start":{"line":144,"column":40},"end":{"line":144,"column":57}},"66":{"start":{"line":146,"column":12},"end":{"line":146,"column":34}},"67":{"start":{"line":147,"column":12},"end":{"line":147,"column":61}},"68":{"start":{"line":148,"column":12},"end":{"line":148,"column":44}},"69":{"start":{"line":149,"column":12},"end":{"line":149,"column":81}},"70":{"start":{"line":151,"column":12},"end":{"line":151,"column":27}},"71":{"start":{"line":152,"column":12},"end":{"line":152,"column":19}},"72":{"start":{"line":155,"column":8},"end":{"line":165,"column":null}},"73":{"start":{"line":156,"column":40},"end":{"line":156,"column":57}},"74":{"start":{"line":158,"column":12},"end":{"line":158,"column":34}},"75":{"start":{"line":159,"column":12},"end":{"line":159,"column":73}},"76":{"start":{"line":160,"column":12},"end":{"line":160,"column":44}},"77":{"start":{"line":161,"column":12},"end":{"line":161,"column":81}},"78":{"start":{"line":163,"column":12},"end":{"line":163,"column":27}},"79":{"start":{"line":164,"column":12},"end":{"line":164,"column":19}},"80":{"start":{"line":167,"column":8},"end":{"line":177,"column":null}},"81":{"start":{"line":168,"column":40},"end":{"line":168,"column":57}},"82":{"start":{"line":170,"column":12},"end":{"line":170,"column":34}},"83":{"start":{"line":171,"column":12},"end":{"line":171,"column":68}},"84":{"start":{"line":172,"column":12},"end":{"line":172,"column":44}},"85":{"start":{"line":173,"column":12},"end":{"line":173,"column":81}},"86":{"start":{"line":175,"column":12},"end":{"line":175,"column":27}},"87":{"start":{"line":176,"column":12},"end":{"line":176,"column":19}},"88":{"start":{"line":179,"column":8},"end":{"line":186,"column":15}},"89":{"start":{"line":181,"column":16},"end":{"line":181,"column":70}},"90":{"start":{"line":184,"column":16},"end":{"line":184,"column":28}},"91":{"start":{"line":185,"column":16},"end":{"line":185,"column":23}},"92":{"start":{"line":189,"column":8},"end":{"line":189,"column":43}},"93":{"start":{"line":190,"column":8},"end":{"line":190,"column":15}},"94":{"start":{"line":195,"column":4},"end":{"line":223,"column":null}},"95":{"start":{"line":197,"column":25},"end":{"line":197,"column":60}},"96":{"start":{"line":199,"column":8},"end":{"line":209,"column":null}},"97":{"start":{"line":200,"column":40},"end":{"line":200,"column":57}},"98":{"start":{"line":202,"column":12},"end":{"line":202,"column":34}},"99":{"start":{"line":203,"column":12},"end":{"line":203,"column":61}},"100":{"start":{"line":204,"column":12},"end":{"line":204,"column":44}},"101":{"start":{"line":205,"column":12},"end":{"line":205,"column":81}},"102":{"start":{"line":207,"column":12},"end":{"line":207,"column":27}},"103":{"start":{"line":208,"column":12},"end":{"line":208,"column":19}},"104":{"start":{"line":211,"column":8},"end":{"line":218,"column":15}},"105":{"start":{"line":213,"column":16},"end":{"line":213,"column":43}},"106":{"start":{"line":216,"column":16},"end":{"line":216,"column":28}},"107":{"start":{"line":217,"column":16},"end":{"line":217,"column":23}},"108":{"start":{"line":221,"column":8},"end":{"line":221,"column":43}},"109":{"start":{"line":222,"column":8},"end":{"line":222,"column":15}},"110":{"start":{"line":229,"column":0},"end":{"line":236,"column":null}}},"fnMap":{"0":{"name":"getActivity","decl":{"start":{"line":11,"column":9},"end":{"line":11,"column":20}},"loc":{"start":{"line":11,"column":35},"end":{"line":28,"column":1}}},"1":{"name":"(anonymous_2)","decl":{"start":{"line":15,"column":18},"end":{"line":15,"column":28}},"loc":{"start":{"line":15,"column":39},"end":{"line":20,"column":13}}},"2":{"name":"(anonymous_3)","decl":{"start":{"line":16,"column":58},"end":{"line":16,"column":67}},"loc":{"start":{"line":16,"column":71},"end":{"line":18,"column":17}}},"3":{"name":"(anonymous_4)","decl":{"start":{"line":21,"column":19},"end":{"line":21,"column":24}},"loc":{"start":{"line":21,"column":24},"end":{"line":23,"column":13}}},"4":{"name":"getActivityById","decl":{"start":{"line":30,"column":9},"end":{"line":30,"column":24}},"loc":{"start":{"line":30,"column":39},"end":{"line":60,"column":1}}},"5":{"name":"(anonymous_6)","decl":{"start":{"line":48,"column":18},"end":{"line":48,"column":28}},"loc":{"start":{"line":48,"column":37},"end":{"line":50,"column":13}}},"6":{"name":"(anonymous_7)","decl":{"start":{"line":51,"column":19},"end":{"line":51,"column":24}},"loc":{"start":{"line":51,"column":24},"end":{"line":54,"column":13}}},"7":{"name":"startActivity","decl":{"start":{"line":62,"column":9},"end":{"line":62,"column":22}},"loc":{"start":{"line":62,"column":37},"end":{"line":116,"column":1}}},"8":{"name":"(anonymous_9)","decl":{"start":{"line":104,"column":18},"end":{"line":104,"column":28}},"loc":{"start":{"line":104,"column":45},"end":{"line":106,"column":13}}},"9":{"name":"(anonymous_10)","decl":{"start":{"line":107,"column":19},"end":{"line":107,"column":24}},"loc":{"start":{"line":107,"column":24},"end":{"line":110,"column":13}}},"10":{"name":"stopActivityById","decl":{"start":{"line":137,"column":9},"end":{"line":137,"column":25}},"loc":{"start":{"line":137,"column":40},"end":{"line":192,"column":1}}},"11":{"name":"(anonymous_12)","decl":{"start":{"line":180,"column":18},"end":{"line":180,"column":28}},"loc":{"start":{"line":180,"column":37},"end":{"line":182,"column":13}}},"12":{"name":"(anonymous_13)","decl":{"start":{"line":183,"column":19},"end":{"line":183,"column":24}},"loc":{"start":{"line":183,"column":24},"end":{"line":186,"column":13}}},"13":{"name":"deleteActivityById","decl":{"start":{"line":194,"column":9},"end":{"line":194,"column":27}},"loc":{"start":{"line":194,"column":42},"end":{"line":224,"column":1}}},"14":{"name":"(anonymous_15)","decl":{"start":{"line":212,"column":18},"end":{"line":212,"column":28}},"loc":{"start":{"line":212,"column":45},"end":{"line":214,"column":13}}},"15":{"name":"(anonymous_16)","decl":{"start":{"line":215,"column":19},"end":{"line":215,"column":24}},"loc":{"start":{"line":215,"column":24},"end":{"line":218,"column":13}}}},"branchMap":{"0":{"loc":{"start":{"line":35,"column":8},"end":{"line":45,"column":null}},"type":"if","locations":[{"start":{"line":35,"column":8},"end":{"line":45,"column":null}},{"start":{"line":35,"column":8},"end":{"line":45,"column":null}}]},"1":{"loc":{"start":{"line":67,"column":8},"end":{"line":77,"column":null}},"type":"if","locations":[{"start":{"line":67,"column":8},"end":{"line":77,"column":null}},{"start":{"line":67,"column":8},"end":{"line":77,"column":null}}]},"2":{"loc":{"start":{"line":79,"column":8},"end":{"line":89,"column":null}},"type":"if","locations":[{"start":{"line":79,"column":8},"end":{"line":89,"column":null}},{"start":{"line":79,"column":8},"end":{"line":89,"column":null}}]},"3":{"loc":{"start":{"line":91,"column":8},"end":{"line":101,"column":null}},"type":"if","locations":[{"start":{"line":91,"column":8},"end":{"line":101,"column":null}},{"start":{"line":91,"column":8},"end":{"line":101,"column":null}}]},"4":{"loc":{"start":{"line":143,"column":8},"end":{"line":153,"column":null}},"type":"if","locations":[{"start":{"line":143,"column":8},"end":{"line":153,"column":null}},{"start":{"line":143,"column":8},"end":{"line":153,"column":null}}]},"5":{"loc":{"start":{"line":155,"column":8},"end":{"line":165,"column":null}},"type":"if","locations":[{"start":{"line":155,"column":8},"end":{"line":165,"column":null}},{"start":{"line":155,"column":8},"end":{"line":165,"column":null}}]},"6":{"loc":{"start":{"line":167,"column":8},"end":{"line":177,"column":null}},"type":"if","locations":[{"start":{"line":167,"column":8},"end":{"line":177,"column":null}},{"start":{"line":167,"column":8},"end":{"line":177,"column":null}}]},"7":{"loc":{"start":{"line":199,"column":8},"end":{"line":209,"column":null}},"type":"if","locations":[{"start":{"line":199,"column":8},"end":{"line":209,"column":null}},{"start":{"line":199,"column":8},"end":{"line":209,"column":null}}]}},"s":{"0":4,"1":4,"2":4,"3":4,"4":4,"5":4,"6":1,"7":1,"8":1,"9":24,"10":1,"11":0,"12":0,"13":3,"14":3,"15":3,"16":0,"17":0,"18":0,"19":0,"20":0,"21":0,"22":0,"23":3,"24":1,"25":2,"26":2,"27":0,"28":0,"29":3,"30":3,"31":3,"32":0,"33":0,"34":0,"35":0,"36":0,"37":0,"38":0,"39":3,"40":1,"41":1,"42":1,"43":1,"44":1,"45":1,"46":1,"47":2,"48":0,"49":0,"50":0,"51":0,"52":0,"53":0,"54":0,"55":2,"56":2,"57":0,"58":0,"59":0,"60":0,"61":4,"62":4,"63":4,"64":4,"65":0,"66":0,"67":0,"68":0,"69":0,"70":0,"71":0,"72":4,"73":1,"74":1,"75":1,"76":1,"77":1,"78":1,"79":1,"80":3,"81":0,"82":0,"83":0,"84":0,"85":0,"86":0,"87":0,"88":3,"89":1,"90":2,"91":2,"92":0,"93":0,"94":3,"95":3,"96":3,"97":0,"98":0,"99":0,"100":0,"101":0,"102":0,"103":0,"104":3,"105":1,"106":2,"107":2,"108":0,"109":0,"110":4},"f":{"0":1,"1":1,"2":24,"3":0,"4":3,"5":1,"6":2,"7":3,"8":2,"9":0,"10":4,"11":1,"12":2,"13":3,"14":1,"15":2},"b":{"0":[0,3],"1":[0,3],"2":[1,2],"3":[0,2],"4":[0,4],"5":[1,3],"6":[0,3],"7":[0,3]}}
,"D:\\Projects\\LAB\\NodeJS\\TimeTracker\\src\\controllers\\ProjectController.ts": {"path":"D:\\Projects\\LAB\\NodeJS\\TimeTracker\\src\\controllers\\ProjectController.ts","statementMap":{"0":{"start":{"line":1,"column":10},"end":{"line":1,"column":27}},"1":{"start":{"line":2,"column":21},"end":{"line":2,"column":53}},"2":{"start":{"line":4,"column":0},"end":{"line":4,"column":28}},"3":{"start":{"line":6,"column":0},"end":{"line":6,"column":49}},"4":{"start":{"line":8,"column":24},"end":{"line":8,"column":62}},"5":{"start":{"line":12,"column":4},"end":{"line":26,"column":null}},"6":{"start":{"line":14,"column":8},"end":{"line":21,"column":15}},"7":{"start":{"line":16,"column":16},"end":{"line":16,"column":43}},"8":{"start":{"line":19,"column":16},"end":{"line":19,"column":28}},"9":{"start":{"line":20,"column":16},"end":{"line":20,"column":23}},"10":{"start":{"line":24,"column":8},"end":{"line":24,"column":43}},"11":{"start":{"line":25,"column":8},"end":{"line":25,"column":15}},"12":{"start":{"line":30,"column":4},"end":{"line":58,"column":null}},"13":{"start":{"line":32,"column":25},"end":{"line":32,"column":59}},"14":{"start":{"line":34,"column":8},"end":{"line":44,"column":null}},"15":{"start":{"line":35,"column":40},"end":{"line":35,"column":57}},"16":{"start":{"line":37,"column":12},"end":{"line":37,"column":34}},"17":{"start":{"line":38,"column":12},"end":{"line":38,"column":61}},"18":{"start":{"line":39,"column":12},"end":{"line":39,"column":44}},"19":{"start":{"line":40,"column":12},"end":{"line":40,"column":81}},"20":{"start":{"line":42,"column":12},"end":{"line":42,"column":27}},"21":{"start":{"line":43,"column":12},"end":{"line":43,"column":19}},"22":{"start":{"line":46,"column":8},"end":{"line":53,"column":15}},"23":{"start":{"line":48,"column":16},"end":{"line":48,"column":43}},"24":{"start":{"line":51,"column":16},"end":{"line":51,"column":28}},"25":{"start":{"line":52,"column":16},"end":{"line":52,"column":23}},"26":{"start":{"line":56,"column":8},"end":{"line":56,"column":43}},"27":{"start":{"line":57,"column":8},"end":{"line":57,"column":15}},"28":{"start":{"line":62,"column":4},"end":{"line":90,"column":null}},"29":{"start":{"line":64,"column":31},"end":{"line":64,"column":39}},"30":{"start":{"line":66,"column":8},"end":{"line":76,"column":null}},"31":{"start":{"line":67,"column":40},"end":{"line":67,"column":57}},"32":{"start":{"line":69,"column":12},"end":{"line":69,"column":34}},"33":{"start":{"line":70,"column":12},"end":{"line":70,"column":63}},"34":{"start":{"line":71,"column":12},"end":{"line":71,"column":44}},"35":{"start":{"line":72,"column":12},"end":{"line":72,"column":81}},"36":{"start":{"line":74,"column":12},"end":{"line":74,"column":27}},"37":{"start":{"line":75,"column":12},"end":{"line":75,"column":19}},"38":{"start":{"line":78,"column":8},"end":{"line":85,"column":15}},"39":{"start":{"line":80,"column":16},"end":{"line":80,"column":43}},"40":{"start":{"line":83,"column":16},"end":{"line":83,"column":28}},"41":{"start":{"line":84,"column":16},"end":{"line":84,"column":23}},"42":{"start":{"line":88,"column":8},"end":{"line":88,"column":43}},"43":{"start":{"line":89,"column":8},"end":{"line":89,"column":15}},"44":{"start":{"line":94,"column":4},"end":{"line":135,"column":null}},"45":{"start":{"line":96,"column":25},"end":{"line":96,"column":59}},"46":{"start":{"line":97,"column":31},"end":{"line":97,"column":39}},"47":{"start":{"line":99,"column":8},"end":{"line":109,"column":null}},"48":{"start":{"line":100,"column":40},"end":{"line":100,"column":57}},"49":{"start":{"line":102,"column":12},"end":{"line":102,"column":34}},"50":{"start":{"line":103,"column":12},"end":{"line":103,"column":71}},"51":{"start":{"line":104,"column":12},"end":{"line":104,"column":44}},"52":{"start":{"line":105,"column":12},"end":{"line":105,"column":81}},"53":{"start":{"line":107,"column":12},"end":{"line":107,"column":27}},"54":{"start":{"line":108,"column":12},"end":{"line":108,"column":19}},"55":{"start":{"line":111,"column":8},"end":{"line":121,"column":null}},"56":{"start":{"line":112,"column":40},"end":{"line":112,"column":57}},"57":{"start":{"line":114,"column":12},"end":{"line":114,"column":34}},"58":{"start":{"line":115,"column":12},"end":{"line":115,"column":63}},"59":{"start":{"line":116,"column":12},"end":{"line":116,"column":44}},"60":{"start":{"line":117,"column":12},"end":{"line":117,"column":81}},"61":{"start":{"line":119,"column":12},"end":{"line":119,"column":27}},"62":{"start":{"line":120,"column":12},"end":{"line":120,"column":19}},"63":{"start":{"line":123,"column":8},"end":{"line":130,"column":15}},"64":{"start":{"line":125,"column":16},"end":{"line":125,"column":43}},"65":{"start":{"line":128,"column":16},"end":{"line":128,"column":28}},"66":{"start":{"line":129,"column":16},"end":{"line":129,"column":23}},"67":{"start":{"line":133,"column":8},"end":{"line":133,"column":43}},"68":{"start":{"line":134,"column":8},"end":{"line":134,"column":15}},"69":{"start":{"line":139,"column":4},"end":{"line":167,"column":null}},"70":{"start":{"line":141,"column":25},"end":{"line":141,"column":59}},"71":{"start":{"line":143,"column":8},"end":{"line":153,"column":null}},"72":{"start":{"line":144,"column":40},"end":{"line":144,"column":57}},"73":{"start":{"line":146,"column":12},"end":{"line":146,"column":34}},"74":{"start":{"line":147,"column":12},"end":{"line":147,"column":71}},"75":{"start":{"line":148,"column":12},"end":{"line":148,"column":44}},"76":{"start":{"line":149,"column":12},"end":{"line":149,"column":81}},"77":{"start":{"line":151,"column":12},"end":{"line":151,"column":27}},"78":{"start":{"line":152,"column":12},"end":{"line":152,"column":19}},"79":{"start":{"line":155,"column":8},"end":{"line":162,"column":15}},"80":{"start":{"line":157,"column":16},"end":{"line":157,"column":43}},"81":{"start":{"line":160,"column":16},"end":{"line":160,"column":28}},"82":{"start":{"line":161,"column":16},"end":{"line":161,"column":23}},"83":{"start":{"line":165,"column":8},"end":{"line":165,"column":43}},"84":{"start":{"line":166,"column":8},"end":{"line":166,"column":15}},"85":{"start":{"line":173,"column":0},"end":{"line":179,"column":null}}},"fnMap":{"0":{"name":"getProject","decl":{"start":{"line":11,"column":9},"end":{"line":11,"column":19}},"loc":{"start":{"line":11,"column":34},"end":{"line":27,"column":1}}},"1":{"name":"(anonymous_2)","decl":{"start":{"line":15,"column":18},"end":{"line":15,"column":28}},"loc":{"start":{"line":15,"column":46},"end":{"line":17,"column":13}}},"2":{"name":"(anonymous_3)","decl":{"start":{"line":18,"column":19},"end":{"line":18,"column":24}},"loc":{"start":{"line":18,"column":24},"end":{"line":21,"column":13}}},"3":{"name":"getProjectById","decl":{"start":{"line":29,"column":9},"end":{"line":29,"column":23}},"loc":{"start":{"line":29,"column":38},"end":{"line":59,"column":1}}},"4":{"name":"(anonymous_5)","decl":{"start":{"line":47,"column":18},"end":{"line":47,"column":28}},"loc":{"start":{"line":47,"column":44},"end":{"line":49,"column":13}}},"5":{"name":"(anonymous_6)","decl":{"start":{"line":50,"column":19},"end":{"line":50,"column":24}},"loc":{"start":{"line":50,"column":24},"end":{"line":53,"column":13}}},"6":{"name":"addProject","decl":{"start":{"line":61,"column":9},"end":{"line":61,"column":19}},"loc":{"start":{"line":61,"column":34},"end":{"line":91,"column":1}}},"7":{"name":"(anonymous_8)","decl":{"start":{"line":79,"column":18},"end":{"line":79,"column":28}},"loc":{"start":{"line":79,"column":44},"end":{"line":81,"column":13}}},"8":{"name":"(anonymous_9)","decl":{"start":{"line":82,"column":19},"end":{"line":82,"column":24}},"loc":{"start":{"line":82,"column":24},"end":{"line":85,"column":13}}},"9":{"name":"updateProjectById","decl":{"start":{"line":93,"column":9},"end":{"line":93,"column":26}},"loc":{"start":{"line":93,"column":41},"end":{"line":136,"column":1}}},"10":{"name":"(anonymous_11)","decl":{"start":{"line":124,"column":18},"end":{"line":124,"column":28}},"loc":{"start":{"line":124,"column":44},"end":{"line":126,"column":13}}},"11":{"name":"(anonymous_12)","decl":{"start":{"line":127,"column":19},"end":{"line":127,"column":24}},"loc":{"start":{"line":127,"column":24},"end":{"line":130,"column":13}}},"12":{"name":"deleteProjectById","decl":{"start":{"line":138,"column":9},"end":{"line":138,"column":26}},"loc":{"start":{"line":138,"column":41},"end":{"line":168,"column":1}}},"13":{"name":"(anonymous_14)","decl":{"start":{"line":156,"column":18},"end":{"line":156,"column":28}},"loc":{"start":{"line":156,"column":44},"end":{"line":158,"column":13}}},"14":{"name":"(anonymous_15)","decl":{"start":{"line":159,"column":19},"end":{"line":159,"column":24}},"loc":{"start":{"line":159,"column":24},"end":{"line":162,"column":13}}}},"branchMap":{"0":{"loc":{"start":{"line":34,"column":8},"end":{"line":44,"column":null}},"type":"if","locations":[{"start":{"line":34,"column":8},"end":{"line":44,"column":null}},{"start":{"line":34,"column":8},"end":{"line":44,"column":null}}]},"1":{"loc":{"start":{"line":66,"column":8},"end":{"line":76,"column":null}},"type":"if","locations":[{"start":{"line":66,"column":8},"end":{"line":76,"column":null}},{"start":{"line":66,"column":8},"end":{"line":76,"column":null}}]},"2":{"loc":{"start":{"line":99,"column":8},"end":{"line":109,"column":null}},"type":"if","locations":[{"start":{"line":99,"column":8},"end":{"line":109,"column":null}},{"start":{"line":99,"column":8},"end":{"line":109,"column":null}}]},"3":{"loc":{"start":{"line":111,"column":8},"end":{"line":121,"column":null}},"type":"if","locations":[{"start":{"line":111,"column":8},"end":{"line":121,"column":null}},{"start":{"line":111,"column":8},"end":{"line":121,"column":null}}]},"4":{"loc":{"start":{"line":143,"column":8},"end":{"line":153,"column":null}},"type":"if","locations":[{"start":{"line":143,"column":8},"end":{"line":153,"column":null}},{"start":{"line":143,"column":8},"end":{"line":153,"column":null}}]}},"s":{"0":4,"1":4,"2":4,"3":4,"4":4,"5":1,"6":1,"7":1,"8":0,"9":0,"10":0,"11":0,"12":4,"13":4,"14":4,"15":0,"16":0,"17":0,"18":0,"19":0,"20":0,"21":0,"22":4,"23":1,"24":3,"25":3,"26":0,"27":0,"28":2,"29":2,"30":2,"31":1,"32":1,"33":1,"34":1,"35":1,"36":1,"37":1,"38":1,"39":1,"40":0,"41":0,"42":0,"43":0,"44":3,"45":3,"46":3,"47":3,"48":0,"49":0,"50":0,"51":0,"52":0,"53":0,"54":0,"55":3,"56":1,"57":1,"58":1,"59":1,"60":1,"61":1,"62":1,"63":2,"64":1,"65":1,"66":1,"67":0,"68":0,"69":3,"70":3,"71":3,"72":0,"73":0,"74":0,"75":0,"76":0,"77":0,"78":0,"79":3,"80":1,"81":2,"82":2,"83":0,"84":0,"85":4},"f":{"0":1,"1":1,"2":0,"3":4,"4":1,"5":3,"6":2,"7":1,"8":0,"9":3,"10":1,"11":1,"12":3,"13":1,"14":2},"b":{"0":[0,4],"1":[1,1],"2":[0,3],"3":[1,2],"4":[0,3]}}
,"D:\\Projects\\LAB\\NodeJS\\TimeTracker\\src\\controllers\\ReportController.ts": {"path":"D:\\Projects\\LAB\\NodeJS\\TimeTracker\\src\\controllers\\ReportController.ts","statementMap":{"0":{"start":{"line":1,"column":10},"end":{"line":1,"column":27}},"1":{"start":{"line":2,"column":21},"end":{"line":2,"column":53}},"2":{"start":{"line":6,"column":23},"end":{"line":6,"column":60}},"3":{"start":{"line":10,"column":4},"end":{"line":22,"column":null}},"4":{"start":{"line":12,"column":8},"end":{"line":18,"column":15}},"5":{"start":{"line":14,"column":16},"end":{"line":14,"column":43}},"6":{"start":{"line":17,"column":16},"end":{"line":17,"column":28}},"7":{"start":{"line":21,"column":8},"end":{"line":21,"column":43}},"8":{"start":{"line":26,"column":4},"end":{"line":38,"column":null}},"9":{"start":{"line":28,"column":8},"end":{"line":34,"column":15}},"10":{"start":{"line":30,"column":16},"end":{"line":30,"column":43}},"11":{"start":{"line":33,"column":16},"end":{"line":33,"column":28}},"12":{"start":{"line":37,"column":8},"end":{"line":37,"column":43}},"13":{"start":{"line":44,"column":0},"end":{"line":47,"column":null}}},"fnMap":{"0":{"name":"getActivitiesByUser","decl":{"start":{"line":9,"column":9},"end":{"line":9,"column":28}},"loc":{"start":{"line":9,"column":43},"end":{"line":23,"column":1}}},"1":{"name":"(anonymous_1)","decl":{"start":{"line":13,"column":18},"end":{"line":13,"column":28}},"loc":{"start":{"line":13,"column":39},"end":{"line":15,"column":13}}},"2":{"name":"(anonymous_2)","decl":{"start":{"line":16,"column":19},"end":{"line":16,"column":24}},"loc":{"start":{"line":16,"column":24},"end":{"line":18,"column":13}}},"3":{"name":"getActivitiesByProject","decl":{"start":{"line":25,"column":9},"end":{"line":25,"column":31}},"loc":{"start":{"line":25,"column":46},"end":{"line":39,"column":1}}},"4":{"name":"(anonymous_4)","decl":{"start":{"line":29,"column":18},"end":{"line":29,"column":28}},"loc":{"start":{"line":29,"column":39},"end":{"line":31,"column":13}}},"5":{"name":"(anonymous_5)","decl":{"start":{"line":32,"column":19},"end":{"line":32,"column":24}},"loc":{"start":{"line":32,"column":24},"end":{"line":34,"column":13}}}},"branchMap":{},"s":{"0":4,"1":4,"2":4,"3":3,"4":3,"5":3,"6":0,"7":0,"8":1,"9":1,"10":1,"11":0,"12":0,"13":4},"f":{"0":3,"1":3,"2":0,"3":1,"4":1,"5":0},"b":{}}
,"D:\\Projects\\LAB\\NodeJS\\TimeTracker\\src\\controllers\\SecurityController.ts": {"path":"D:\\Projects\\LAB\\NodeJS\\TimeTracker\\src\\controllers\\SecurityController.ts","statementMap":{"0":{"start":{"line":1,"column":10},"end":{"line":1,"column":27}},"1":{"start":{"line":2,"column":21},"end":{"line":2,"column":53}},"2":{"start":{"line":4,"column":0},"end":{"line":4,"column":28}},"3":{"start":{"line":5,"column":0},"end":{"line":5,"column":49}},"4":{"start":{"line":8,"column":25},"end":{"line":8,"column":64}},"5":{"start":{"line":12,"column":4},"end":{"line":52,"column":null}},"6":{"start":{"line":14,"column":27},"end":{"line":14,"column":54}},"7":{"start":{"line":15,"column":31},"end":{"line":15,"column":62}},"8":{"start":{"line":17,"column":8},"end":{"line":27,"column":null}},"9":{"start":{"line":18,"column":40},"end":{"line":18,"column":57}},"10":{"start":{"line":20,"column":12},"end":{"line":20,"column":34}},"11":{"start":{"line":21,"column":12},"end":{"line":21,"column":65}},"12":{"start":{"line":22,"column":12},"end":{"line":22,"column":44}},"13":{"start":{"line":23,"column":12},"end":{"line":23,"column":81}},"14":{"start":{"line":25,"column":12},"end":{"line":25,"column":27}},"15":{"start":{"line":26,"column":12},"end":{"line":26,"column":19}},"16":{"start":{"line":28,"column":8},"end":{"line":38,"column":null}},"17":{"start":{"line":29,"column":40},"end":{"line":29,"column":57}},"18":{"start":{"line":31,"column":12},"end":{"line":31,"column":34}},"19":{"start":{"line":32,"column":12},"end":{"line":32,"column":65}},"20":{"start":{"line":33,"column":12},"end":{"line":33,"column":44}},"21":{"start":{"line":34,"column":12},"end":{"line":34,"column":81}},"22":{"start":{"line":36,"column":12},"end":{"line":36,"column":27}},"23":{"start":{"line":37,"column":12},"end":{"line":37,"column":19}},"24":{"start":{"line":40,"column":8},"end":{"line":47,"column":15}},"25":{"start":{"line":42,"column":16},"end":{"line":42,"column":43}},"26":{"start":{"line":45,"column":16},"end":{"line":45,"column":28}},"27":{"start":{"line":46,"column":16},"end":{"line":46,"column":23}},"28":{"start":{"line":50,"column":8},"end":{"line":50,"column":43}},"29":{"start":{"line":51,"column":8},"end":{"line":51,"column":15}},"30":{"start":{"line":58,"column":0},"end":{"line":60,"column":null}}},"fnMap":{"0":{"name":"login","decl":{"start":{"line":11,"column":9},"end":{"line":11,"column":14}},"loc":{"start":{"line":11,"column":29},"end":{"line":53,"column":1}}},"1":{"name":"(anonymous_2)","decl":{"start":{"line":41,"column":18},"end":{"line":41,"column":28}},"loc":{"start":{"line":41,"column":45},"end":{"line":43,"column":13}}},"2":{"name":"(anonymous_3)","decl":{"start":{"line":44,"column":19},"end":{"line":44,"column":24}},"loc":{"start":{"line":44,"column":24},"end":{"line":47,"column":13}}}},"branchMap":{"0":{"loc":{"start":{"line":17,"column":8},"end":{"line":27,"column":null}},"type":"if","locations":[{"start":{"line":17,"column":8},"end":{"line":27,"column":null}},{"start":{"line":17,"column":8},"end":{"line":27,"column":null}}]},"1":{"loc":{"start":{"line":28,"column":8},"end":{"line":38,"column":null}},"type":"if","locations":[{"start":{"line":28,"column":8},"end":{"line":38,"column":null}},{"start":{"line":28,"column":8},"end":{"line":38,"column":null}}]}},"s":{"0":4,"1":4,"2":4,"3":4,"4":4,"5":8,"6":8,"7":8,"8":8,"9":1,"10":1,"11":1,"12":1,"13":1,"14":1,"15":1,"16":7,"17":1,"18":1,"19":1,"20":1,"21":1,"22":1,"23":1,"24":6,"25":5,"26":1,"27":1,"28":0,"29":0,"30":4},"f":{"0":8,"1":5,"2":1},"b":{"0":[1,7],"1":[1,6]}}
,"D:\\Projects\\LAB\\NodeJS\\TimeTracker\\src\\middleware\\AuthenticationMiddleware.ts": {"path":"D:\\Projects\\LAB\\NodeJS\\TimeTracker\\src\\middleware\\AuthenticationMiddleware.ts","statementMap":{"0":{"start":{"line":1,"column":10},"end":{"line":1,"column":27}},"1":{"start":{"line":2,"column":12},"end":{"line":2,"column":35}},"2":{"start":{"line":3,"column":15},"end":{"line":3,"column":42}},"3":{"start":{"line":4,"column":21},"end":{"line":4,"column":53}},"4":{"start":{"line":6,"column":0},"end":{"line":6,"column":28}},"5":{"start":{"line":7,"column":0},"end":{"line":7,"column":49}},"6":{"start":{"line":19,"column":4},"end":{"line":72,"column":null}},"7":{"start":{"line":21,"column":28},"end":{"line":21,"column":67}},"8":{"start":{"line":24,"column":8},"end":{"line":68,"column":null}},"9":{"start":{"line":25,"column":12},"end":{"line":25,"column":49}},"10":{"start":{"line":28,"column":12},"end":{"line":58,"column":15}},"11":{"start":{"line":29,"column":16},"end":{"line":57,"column":null}},"12":{"start":{"line":30,"column":48},"end":{"line":30,"column":65}},"13":{"start":{"line":32,"column":20},"end":{"line":32,"column":42}},"14":{"start":{"line":33,"column":20},"end":{"line":33,"column":63}},"15":{"start":{"line":34,"column":20},"end":{"line":34,"column":54}},"16":{"start":{"line":35,"column":20},"end":{"line":35,"column":89}},"17":{"start":{"line":37,"column":20},"end":{"line":37,"column":69}},"18":{"start":{"line":39,"column":20},"end":{"line":39,"column":40}},"19":{"start":{"line":41,"column":20},"end":{"line":56,"column":null}},"20":{"start":{"line":42,"column":24},"end":{"line":53,"column":null}},"21":{"start":{"line":43,"column":28},"end":{"line":43,"column":35}},"22":{"start":{"line":45,"column":56},"end":{"line":45,"column":73}},"23":{"start":{"line":47,"column":28},"end":{"line":47,"column":50}},"24":{"start":{"line":48,"column":28},"end":{"line":48,"column":121}},"25":{"start":{"line":49,"column":28},"end":{"line":49,"column":58}},"26":{"start":{"line":50,"column":28},"end":{"line":50,"column":97}},"27":{"start":{"line":52,"column":28},"end":{"line":52,"column":77}},"28":{"start":{"line":55,"column":24},"end":{"line":55,"column":31}},"29":{"start":{"line":60,"column":40},"end":{"line":60,"column":57}},"30":{"start":{"line":62,"column":12},"end":{"line":62,"column":34}},"31":{"start":{"line":63,"column":12},"end":{"line":63,"column":56}},"32":{"start":{"line":64,"column":12},"end":{"line":64,"column":46}},"33":{"start":{"line":65,"column":12},"end":{"line":65,"column":81}},"34":{"start":{"line":67,"column":12},"end":{"line":67,"column":61}},"35":{"start":{"line":71,"column":8},"end":{"line":71,"column":54}},"36":{"start":{"line":75,"column":0},"end":{"line":77,"column":null}}},"fnMap":{"0":{"name":"validateToken","decl":{"start":{"line":18,"column":9},"end":{"line":18,"column":22}},"loc":{"start":{"line":18,"column":37},"end":{"line":73,"column":1}}},"1":{"name":"(anonymous_2)","decl":{"start":{"line":28,"column":53},"end":{"line":28,"column":63}},"loc":{"start":{"line":28,"column":74},"end":{"line":58,"column":13}}}},"branchMap":{"0":{"loc":{"start":{"line":24,"column":8},"end":{"line":68,"column":null}},"type":"if","locations":[{"start":{"line":24,"column":8},"end":{"line":68,"column":null}},{"start":{"line":24,"column":8},"end":{"line":68,"column":null}}]},"1":{"loc":{"start":{"line":29,"column":16},"end":{"line":57,"column":null}},"type":"if","locations":[{"start":{"line":29,"column":16},"end":{"line":57,"column":null}},{"start":{"line":29,"column":16},"end":{"line":57,"column":null}}]},"2":{"loc":{"start":{"line":41,"column":20},"end":{"line":56,"column":null}},"type":"if","locations":[{"start":{"line":41,"column":20},"end":{"line":56,"column":null}},{"start":{"line":41,"column":20},"end":{"line":56,"column":null}}]},"3":{"loc":{"start":{"line":42,"column":24},"end":{"line":53,"column":null}},"type":"if","locations":[{"start":{"line":42,"column":24},"end":{"line":53,"column":null}},{"start":{"line":42,"column":24},"end":{"line":53,"column":null}}]}},"s":{"0":4,"1":4,"2":4,"3":4,"4":4,"5":4,"6":45,"7":45,"8":45,"9":33,"10":33,"11":33,"12":0,"13":0,"14":0,"15":0,"16":0,"17":0,"18":33,"19":33,"20":6,"21":4,"22":2,"23":2,"24":2,"25":2,"26":2,"27":2,"28":27,"29":12,"30":12,"31":12,"32":12,"33":12,"34":12,"35":0,"36":4},"f":{"0":45,"1":33},"b":{"0":[33,12],"1":[0,33],"2":[6,27],"3":[4,2]}}
,"D:\\Projects\\LAB\\NodeJS\\TimeTracker\\src\\models\\ActivityModel.ts": {"path":"D:\\Projects\\LAB\\NodeJS\\TimeTracker\\src\\models\\ActivityModel.ts","statementMap":{"0":{"start":{"line":3,"column":17},"end":{"line":3,"column":36}},"1":{"start":{"line":4,"column":15},"end":{"line":4,"column":30}},"2":{"start":{"line":6,"column":23},"end":{"line":14,"column":2}},"3":{"start":{"line":16,"column":17},"end":{"line":16,"column":59}},"4":{"start":{"line":18,"column":0},"end":{"line":18,"column":26}}},"fnMap":{},"branchMap":{},"s":{"0":4,"1":4,"2":4,"3":4,"4":4},"f":{},"b":{}}
,"D:\\Projects\\LAB\\NodeJS\\TimeTracker\\src\\models\\ProjectModel.ts": {"path":"D:\\Projects\\LAB\\NodeJS\\TimeTracker\\src\\models\\ProjectModel.ts","statementMap":{"0":{"start":{"line":1,"column":17},"end":{"line":1,"column":36}},"1":{"start":{"line":2,"column":15},"end":{"line":2,"column":30}},"2":{"start":{"line":4,"column":22},"end":{"line":7,"column":2}},"3":{"start":{"line":9,"column":16},"end":{"line":9,"column":56}},"4":{"start":{"line":11,"column":0},"end":{"line":11,"column":25}}},"fnMap":{},"branchMap":{},"s":{"0":4,"1":4,"2":4,"3":4,"4":4},"f":{},"b":{}}
,"D:\\Projects\\LAB\\NodeJS\\TimeTracker\\src\\models\\ReportModel.ts": {"path":"D:\\Projects\\LAB\\NodeJS\\TimeTracker\\src\\models\\ReportModel.ts","statementMap":{"0":{"start":{"line":3,"column":17},"end":{"line":3,"column":36}},"1":{"start":{"line":4,"column":15},"end":{"line":4,"column":30}},"2":{"start":{"line":6,"column":21},"end":{"line":11,"column":2}},"3":{"start":{"line":13,"column":15},"end":{"line":13,"column":53}},"4":{"start":{"line":15,"column":0},"end":{"line":15,"column":24}}},"fnMap":{},"branchMap":{},"s":{"0":4,"1":4,"2":4,"3":4,"4":4},"f":{},"b":{}}
,"D:\\Projects\\LAB\\NodeJS\\TimeTracker\\src\\models\\UserModel.ts": {"path":"D:\\Projects\\LAB\\NodeJS\\TimeTracker\\src\\models\\UserModel.ts","statementMap":{"0":{"start":{"line":3,"column":17},"end":{"line":3,"column":36}},"1":{"start":{"line":4,"column":15},"end":{"line":4,"column":30}},"2":{"start":{"line":6,"column":19},"end":{"line":11,"column":2}},"3":{"start":{"line":13,"column":13},"end":{"line":13,"column":47}},"4":{"start":{"line":15,"column":0},"end":{"line":15,"column":22}}},"fnMap":{},"branchMap":{},"s":{"0":4,"1":4,"2":4,"3":4,"4":4},"f":{},"b":{}}
,"D:\\Projects\\LAB\\NodeJS\\TimeTracker\\src\\routes\\TimeTrackerRoute.ts": {"path":"D:\\Projects\\LAB\\NodeJS\\TimeTracker\\src\\routes\\TimeTrackerRoute.ts","statementMap":{"0":{"start":{"line":1,"column":0},"end":{"line":1,"column":30}},"1":{"start":{"line":3,"column":15},"end":{"line":3,"column":31}},"2":{"start":{"line":5,"column":24},"end":{"line":5,"column":62}},"3":{"start":{"line":6,"column":23},"end":{"line":6,"column":60}},"4":{"start":{"line":7,"column":22},"end":{"line":7,"column":58}},"5":{"start":{"line":8,"column":24},"end":{"line":8,"column":62}},"6":{"start":{"line":16,"column":1},"end":{"line":16,"column":42}},"7":{"start":{"line":24,"column":0},"end":{"line":24,"column":39}},"8":{"start":{"line":32,"column":0},"end":{"line":32,"column":37}},"9":{"start":{"line":40,"column":0},"end":{"line":40,"column":41}},"10":{"start":{"line":45,"column":0},"end":{"line":45,"column":24}}},"fnMap":{},"branchMap":{},"s":{"0":4,"1":4,"2":4,"3":4,"4":4,"5":4,"6":4,"7":4,"8":4,"9":4,"10":4},"f":{},"b":{}}
,"D:\\Projects\\LAB\\NodeJS\\TimeTracker\\src\\services\\ActivityService.ts": {"path":"D:\\Projects\\LAB\\NodeJS\\TimeTracker\\src\\services\\ActivityService.ts","statementMap":{"0":{"start":{"line":1,"column":0},"end":{"line":1,"column":30}},"1":{"start":{"line":2,"column":15},"end":{"line":2,"column":31}},"2":{"start":{"line":4,"column":27},"end":{"line":4,"column":71}},"3":{"start":{"line":32,"column":0},"end":{"line":32,"column":48}},"4":{"start":{"line":63,"column":0},"end":{"line":63,"column":63}},"5":{"start":{"line":93,"column":0},"end":{"line":93,"column":56}},"6":{"start":{"line":161,"column":0},"end":{"line":161,"column":69}},"7":{"start":{"line":192,"column":0},"end":{"line":192,"column":69}},"8":{"start":{"line":197,"column":0},"end":{"line":197,"column":24}}},"fnMap":{},"branchMap":{},"s":{"0":4,"1":4,"2":4,"3":4,"4":4,"5":4,"6":4,"7":4,"8":4},"f":{},"b":{}}
,"D:\\Projects\\LAB\\NodeJS\\TimeTracker\\src\\services\\ProjectService.ts": {"path":"D:\\Projects\\LAB\\NodeJS\\TimeTracker\\src\\services\\ProjectService.ts","statementMap":{"0":{"start":{"line":1,"column":0},"end":{"line":1,"column":30}},"1":{"start":{"line":2,"column":15},"end":{"line":2,"column":31}},"2":{"start":{"line":4,"column":26},"end":{"line":4,"column":69}},"3":{"start":{"line":30,"column":0},"end":{"line":30,"column":46}},"4":{"start":{"line":61,"column":0},"end":{"line":61,"column":60}},"5":{"start":{"line":91,"column":1},"end":{"line":91,"column":48}},"6":{"start":{"line":129,"column":1},"end":{"line":129,"column":64}},"7":{"start":{"line":160,"column":0},"end":{"line":160,"column":66}},"8":{"start":{"line":162,"column":0},"end":{"line":162,"column":24}}},"fnMap":{},"branchMap":{},"s":{"0":4,"1":4,"2":4,"3":4,"4":4,"5":4,"6":4,"7":4,"8":4},"f":{},"b":{}}
,"D:\\Projects\\LAB\\NodeJS\\TimeTracker\\src\\services\\ReportService.ts": {"path":"D:\\Projects\\LAB\\NodeJS\\TimeTracker\\src\\services\\ReportService.ts","statementMap":{"0":{"start":{"line":1,"column":0},"end":{"line":1,"column":30}},"1":{"start":{"line":2,"column":15},"end":{"line":2,"column":31}},"2":{"start":{"line":4,"column":25},"end":{"line":4,"column":67}},"3":{"start":{"line":32,"column":0},"end":{"line":32,"column":60}},"4":{"start":{"line":60,"column":0},"end":{"line":60,"column":66}},"5":{"start":{"line":65,"column":0},"end":{"line":65,"column":24}}},"fnMap":{},"branchMap":{},"s":{"0":4,"1":4,"2":4,"3":4,"4":4,"5":4},"f":{},"b":{}}
,"D:\\Projects\\LAB\\NodeJS\\TimeTracker\\src\\services\\SecurityService.ts": {"path":"D:\\Projects\\LAB\\NodeJS\\TimeTracker\\src\\services\\SecurityService.ts","statementMap":{"0":{"start":{"line":1,"column":0},"end":{"line":1,"column":30}},"1":{"start":{"line":2,"column":15},"end":{"line":2,"column":31}},"2":{"start":{"line":4,"column":27},"end":{"line":4,"column":71}},"3":{"start":{"line":32,"column":0},"end":{"line":32,"column":48}},"4":{"start":{"line":37,"column":0},"end":{"line":37,"column":24}}},"fnMap":{},"branchMap":{},"s":{"0":4,"1":4,"2":4,"3":4,"4":4},"f":{},"b":{}}
,"D:\\Projects\\LAB\\NodeJS\\TimeTracker\\src\\utils\\ErrorHandler.ts": {"path":"D:\\Projects\\LAB\\NodeJS\\TimeTracker\\src\\utils\\ErrorHandler.ts","statementMap":{"0":{"start":{"line":1,"column":0},"end":{"line":1,"column":49}},"1":{"start":{"line":2,"column":0},"end":{"line":2,"column":28}},"2":{"start":{"line":4,"column":24},"end":{"line":4,"column":56}},"3":{"start":{"line":6,"column":15},"end":{"line":6,"column":42}},"4":{"start":{"line":8,"column":40},"end":{"line":8,"column":null}},"5":{"start":{"line":9,"column":4},"end":{"line":16,"column":null}},"6":{"start":{"line":10,"column":41},"end":{"line":10,"column":44}},"7":{"start":{"line":13,"column":8},"end":{"line":13,"column":59}},"8":{"start":{"line":15,"column":8},"end":{"line":15,"column":20}},"9":{"start":{"line":19,"column":30},"end":{"line":19,"column":null}},"10":{"start":{"line":20,"column":32},"end":{"line":20,"column":49}},"11":{"start":{"line":22,"column":4},"end":{"line":22,"column":25}},"12":{"start":{"line":23,"column":4},"end":{"line":23,"column":37}},"13":{"start":{"line":24,"column":4},"end":{"line":24,"column":34}},"14":{"start":{"line":25,"column":4},"end":{"line":25,"column":73}},"15":{"start":{"line":27,"column":4},"end":{"line":27,"column":20}},"16":{"start":{"line":30,"column":0},"end":{"line":33,"column":null}}},"fnMap":{"0":{"name":"sendError","decl":{"start":{"line":8,"column":9},"end":{"line":8,"column":18}},"loc":{"start":{"line":8,"column":66},"end":{"line":17,"column":1}}},"1":{"name":"getError","decl":{"start":{"line":19,"column":9},"end":{"line":19,"column":17}},"loc":{"start":{"line":19,"column":50},"end":{"line":28,"column":1}}}},"branchMap":{"0":{"loc":{"start":{"line":8,"column":40},"end":{"line":8,"column":null}},"type":"if","locations":[{"start":{"line":8,"column":40},"end":{"line":8,"column":null}},{"start":{"line":8,"column":40},"end":{"line":8,"column":null}}]},"1":{"loc":{"start":{"line":19,"column":30},"end":{"line":19,"column":null}},"type":"if","locations":[{"start":{"line":19,"column":30},"end":{"line":19,"column":null}},{"start":{"line":19,"column":30},"end":{"line":19,"column":null}}]}},"s":{"0":4,"1":4,"2":4,"3":4,"4":66,"5":33,"6":33,"7":33,"8":0,"9":12,"10":6,"11":6,"12":6,"13":6,"14":6,"15":6,"16":4},"f":{"0":33,"1":6},"b":{"0":[33,0],"1":[6,0]}}
,"D:\\Projects\\LAB\\NodeJS\\TimeTracker\\src\\utils\\LudyConsole.ts": {"path":"D:\\Projects\\LAB\\NodeJS\\TimeTracker\\src\\utils\\LudyConsole.ts","statementMap":{"0":{"start":{"line":1,"column":14},"end":{"line":1,"column":30}},"1":{"start":{"line":3,"column":0},"end":{"line":3,"column":28}},"2":{"start":{"line":5,"column":0},"end":{"line":5,"column":null}},"3":{"start":{"line":8,"column":11},"end":{"line":11,"column":null}},"4":{"start":{"line":8,"column":33},"end":{"line":8,"column":null}},"5":{"start":{"line":9,"column":23},"end":{"line":9,"column":71}},"6":{"start":{"line":10,"column":8},"end":{"line":10,"column":83}},"7":{"start":{"line":13,"column":11},"end":{"line":15,"column":null}},"8":{"start":{"line":14,"column":8},"end":{"line":14,"column":54}},"9":{"start":{"line":17,"column":11},"end":{"line":19,"column":null}},"10":{"start":{"line":18,"column":8},"end":{"line":18,"column":52}},"11":{"start":{"line":21,"column":11},"end":{"line":25,"column":null}},"12":{"start":{"line":22,"column":23},"end":{"line":22,"column":71}},"13":{"start":{"line":23,"column":8},"end":{"line":23,"column":92}},"14":{"start":{"line":6,"column":19},"end":{"line":6,"column":51}},"15":{"start":{"line":26,"column":0},"end":{"line":26,"column":null}},"16":{"start":{"line":28,"column":0},"end":{"line":30,"column":2}}},"fnMap":{"0":{"name":"(anonymous_1)","decl":{"start":{"line":5,"column":0},"end":{"line":5,"column":null}},"loc":{"start":{"line":5,"column":0},"end":{"line":5,"column":null}}},"1":{"name":"(anonymous_3)","decl":{"start":{"line":8,"column":4},"end":{"line":8,"column":11}},"loc":{"start":{"line":8,"column":54},"end":{"line":11,"column":5}}},"2":{"name":"(anonymous_4)","decl":{"start":{"line":13,"column":4},"end":{"line":13,"column":11}},"loc":{"start":{"line":13,"column":32},"end":{"line":15,"column":5}}},"3":{"name":"(anonymous_5)","decl":{"start":{"line":17,"column":4},"end":{"line":17,"column":11}},"loc":{"start":{"line":17,"column":30},"end":{"line":19,"column":5}}},"4":{"name":"(anonymous_6)","decl":{"start":{"line":21,"column":4},"end":{"line":21,"column":11}},"loc":{"start":{"line":21,"column":32},"end":{"line":25,"column":5}}}},"branchMap":{"0":{"loc":{"start":{"line":8,"column":33},"end":{"line":8,"column":null}},"type":"if","locations":[{"start":{"line":8,"column":33},"end":{"line":8,"column":null}},{"start":{"line":8,"column":33},"end":{"line":8,"column":null}}]}},"s":{"0":4,"1":4,"2":4,"3":4,"4":8,"5":4,"6":4,"7":4,"8":0,"9":4,"10":0,"11":4,"12":0,"13":0,"14":4,"15":4,"16":4},"f":{"0":4,"1":4,"2":0,"3":0,"4":0},"b":{"0":[4,0]}}
}
