TN:
SF:src\server.ts
FN:27,createServer
FN:99,(anonymous_17)
FN:107,(anonymous_18)
FN:119,(anonymous_19)
FNF:4
FNH:2
FNDA:4,createServer
FNDA:0,(anonymous_17)
FNDA:0,(anonymous_18)
FNDA:19,(anonymous_19)
DA:1,4
DA:4,4
DA:5,4
DA:6,4
DA:7,4
DA:8,4
DA:9,4
DA:11,4
DA:13,4
DA:15,4
DA:17,4
DA:19,4
DA:21,4
DA:23,4
DA:27,4
DA:28,4
DA:30,4
DA:31,4
DA:32,4
DA:35,4
DA:67,4
DA:68,4
DA:83,4
DA:84,4
DA:85,4
DA:88,4
DA:99,4
DA:100,0
DA:107,4
DA:108,0
DA:110,0
DA:111,0
DA:112,0
DA:113,0
DA:115,0
DA:119,4
DA:120,19
DA:124,4
LF:38
LH:31
BRF:0
BRH:0
end_of_record
TN:
SF:src\DTO\ActivityDTO.ts
FN:82,(anonymous_1)
FN:92,ActivityDTO
FN:120,(anonymous_3)
FNF:3
FNH:3
FNDA:4,(anonymous_1)
FNDA:34,ActivityDTO
FNDA:29,(anonymous_3)
DA:39,4
DA:82,4
DA:93,34
DA:94,26
DA:96,34
DA:97,13
DA:99,34
DA:100,28
DA:102,34
DA:103,28
DA:105,34
DA:106,33
DA:108,34
DA:109,34
DA:111,34
DA:112,34
DA:114,0
DA:116,34
DA:117,28
DA:120,4
DA:121,29
DA:122,29
DA:123,26
DA:125,29
DA:126,12
DA:128,29
DA:129,26
DA:131,29
DA:132,26
DA:134,29
DA:135,29
DA:137,29
DA:138,29
DA:140,29
DA:141,29
DA:143,29
DA:144,26
DA:146,29
DA:148,4
LF:39
LH:38
BRDA:93,0,0,26
BRDA:93,0,1,8
BRDA:96,1,0,13
BRDA:96,1,1,21
BRDA:99,2,0,28
BRDA:99,2,1,6
BRDA:102,3,0,28
BRDA:102,3,1,6
BRDA:105,4,0,33
BRDA:105,4,1,1
BRDA:108,5,0,34
BRDA:108,5,1,0
BRDA:111,6,0,34
BRDA:111,6,1,0
BRDA:116,7,0,28
BRDA:116,7,1,6
BRDA:122,8,0,26
BRDA:122,8,1,3
BRDA:125,9,0,12
BRDA:125,9,1,17
BRDA:128,10,0,26
BRDA:128,10,1,3
BRDA:131,11,0,26
BRDA:131,11,1,3
BRDA:134,12,0,29
BRDA:134,12,1,0
BRDA:137,13,0,29
BRDA:137,13,1,0
BRDA:140,14,0,29
BRDA:140,14,1,0
BRDA:143,15,0,26
BRDA:143,15,1,3
BRF:32
BRH:27
end_of_record
TN:
SF:src\DTO\ResponseDTO.ts
FN:29,(anonymous_0)
FNF:1
FNH:1
FNDA:39,(anonymous_0)
DA:29,4
DA:35,4
LF:2
LH:2
BRF:0
BRH:0
end_of_record
TN:
SF:src\DTO\SecurityDTO.ts
FN:49,(anonymous_0)
FN:56,SecurityDTO
FNF:2
FNH:2
FNDA:4,(anonymous_0)
FNDA:5,SecurityDTO
DA:1,4
DA:49,4
DA:57,5
DA:58,5
DA:59,5
DA:60,5
DA:61,5
DA:63,4
LF:8
LH:8
BRF:0
BRH:0
end_of_record
TN:
SF:src\business\ActivityBusiness.ts
FN:13,getActivity
FN:14,(anonymous_2)
FN:18,(anonymous_3)
FN:21,(anonymous_4)
FN:31,getActivityById
FN:32,(anonymous_6)
FN:36,(anonymous_7)
FN:50,(anonymous_8)
FN:60,startActivity
FN:61,(anonymous_10)
FN:66,(anonymous_11)
FN:69,(anonymous_12)
FN:108,stopActivityById
FN:109,(anonymous_14)
FN:113,(anonymous_15)
FN:127,(anonymous_16)
FN:137,deleteActivityById
FN:138,(anonymous_18)
FN:142,(anonymous_19)
FN:162,(anonymous_20)
FNF:20
FNH:18
FNDA:1,getActivity
FNDA:1,(anonymous_2)
FNDA:1,(anonymous_3)
FNDA:0,(anonymous_4)
FNDA:3,getActivityById
FNDA:3,(anonymous_6)
FNDA:2,(anonymous_7)
FNDA:1,(anonymous_8)
FNDA:2,startActivity
FNDA:2,(anonymous_10)
FNDA:2,(anonymous_11)
FNDA:0,(anonymous_12)
FNDA:3,stopActivityById
FNDA:3,(anonymous_14)
FNDA:2,(anonymous_15)
FNDA:1,(anonymous_16)
FNDA:3,deleteActivityById
FNDA:3,(anonymous_18)
FNDA:2,(anonymous_19)
FNDA:1,(anonymous_20)
DA:1,4
DA:2,4
DA:3,4
DA:5,4
DA:7,4
DA:9,4
DA:10,4
DA:14,1
DA:15,1
DA:17,1
DA:19,1
DA:22,0
DA:26,0
DA:32,3
DA:33,3
DA:35,3
DA:37,2
DA:38,1
DA:40,1
DA:42,1
DA:43,1
DA:44,1
DA:45,1
DA:47,1
DA:51,1
DA:55,0
DA:61,2
DA:62,2
DA:64,2
DA:65,2
DA:67,2
DA:70,0
DA:74,0
DA:109,3
DA:110,3
DA:112,3
DA:114,2
DA:115,1
DA:117,1
DA:119,1
DA:120,1
DA:121,1
DA:122,1
DA:124,1
DA:128,1
DA:132,0
DA:138,3
DA:139,3
DA:141,3
DA:143,2
DA:144,1
DA:146,1
DA:147,1
DA:148,1
DA:150,1
DA:152,1
DA:154,1
DA:155,1
DA:156,1
DA:157,1
DA:159,1
DA:163,1
DA:167,0
DA:172,4
LF:64
LH:57
BRDA:37,0,0,1
BRDA:37,0,1,1
BRDA:114,1,0,1
BRDA:114,1,1,1
BRDA:143,2,0,1
BRDA:143,2,1,1
BRF:6
BRH:6
end_of_record
TN:
SF:src\business\ProjectBusiness.ts
FN:12,getProject
FN:13,(anonymous_2)
FN:17,(anonymous_3)
FN:20,(anonymous_4)
FN:30,getProjectById
FN:31,(anonymous_6)
FN:35,(anonymous_7)
FN:49,(anonymous_8)
FN:59,addProject
FN:60,(anonymous_10)
FN:65,(anonymous_11)
FN:68,(anonymous_12)
FN:78,updateProjectById
FN:79,(anonymous_14)
FN:83,(anonymous_15)
FN:97,(anonymous_16)
FN:107,deleteProjectById
FN:108,(anonymous_18)
FN:112,(anonymous_19)
FN:132,(anonymous_20)
FNF:20
FNH:18
FNDA:1,getProject
FNDA:1,(anonymous_2)
FNDA:1,(anonymous_3)
FNDA:0,(anonymous_4)
FNDA:4,getProjectById
FNDA:4,(anonymous_6)
FNDA:3,(anonymous_7)
FNDA:1,(anonymous_8)
FNDA:1,addProject
FNDA:1,(anonymous_10)
FNDA:1,(anonymous_11)
FNDA:0,(anonymous_12)
FNDA:2,updateProjectById
FNDA:2,(anonymous_14)
FNDA:1,(anonymous_15)
FNDA:1,(anonymous_16)
FNDA:3,deleteProjectById
FNDA:3,(anonymous_18)
FNDA:2,(anonymous_19)
FNDA:1,(anonymous_20)
DA:1,4
DA:2,4
DA:3,4
DA:5,4
DA:7,4
DA:10,4
DA:13,1
DA:14,1
DA:16,1
DA:18,1
DA:21,0
DA:25,0
DA:31,4
DA:32,4
DA:34,4
DA:36,3
DA:37,1
DA:39,2
DA:41,2
DA:42,2
DA:43,2
DA:44,2
DA:46,2
DA:50,1
DA:54,0
DA:60,1
DA:61,1
DA:64,1
DA:66,1
DA:69,0
DA:73,0
DA:79,2
DA:80,2
DA:82,2
DA:84,1
DA:85,1
DA:87,0
DA:89,0
DA:90,0
DA:91,0
DA:92,0
DA:94,0
DA:98,1
DA:102,0
DA:108,3
DA:109,3
DA:111,3
DA:113,2
DA:114,1
DA:116,1
DA:117,1
DA:118,1
DA:120,1
DA:122,1
DA:124,1
DA:125,1
DA:126,1
DA:127,1
DA:129,1
DA:133,1
DA:137,0
DA:142,4
LF:62
LH:49
BRDA:36,0,0,1
BRDA:36,0,1,2
BRDA:84,1,0,1
BRDA:84,1,1,0
BRDA:113,2,0,1
BRDA:113,2,1,1
BRF:6
BRH:5
end_of_record
TN:
SF:src\business\ReportBusiness.ts
FN:17,getActivitiesByUser
FN:18,(anonymous_7)
FN:101,(anonymous_8)
FN:102,(anonymous_9)
FN:103,(anonymous_10)
FN:114,(anonymous_11)
FN:127,(anonymous_12)
FN:137,getActivitiesByProject
FN:138,(anonymous_14)
FN:187,(anonymous_15)
FN:188,(anonymous_16)
FN:189,(anonymous_17)
FN:200,(anonymous_18)
FN:213,(anonymous_19)
FNF:14
FNH:12
FNDA:3,getActivitiesByUser
FNDA:3,(anonymous_7)
FNDA:3,(anonymous_8)
FNDA:12,(anonymous_9)
FNDA:48,(anonymous_10)
FNDA:69,(anonymous_11)
FNDA:0,(anonymous_12)
FNDA:1,getActivitiesByProject
FNDA:1,(anonymous_14)
FNDA:1,(anonymous_15)
FNDA:4,(anonymous_16)
FNDA:16,(anonymous_17)
FNDA:23,(anonymous_18)
FNDA:0,(anonymous_19)
DA:1,4
DA:2,4
DA:3,4
DA:5,4
DA:6,4
DA:7,4
DA:8,4
DA:10,4
DA:18,3
DA:19,3
DA:21,3
DA:102,3
DA:103,12
DA:104,48
DA:113,6
DA:114,6
DA:115,69
DA:118,42
DA:119,6
DA:121,36
DA:125,3
DA:128,0
DA:132,0
DA:138,1
DA:139,1
DA:141,1
DA:188,1
DA:189,4
DA:190,16
DA:199,2
DA:200,2
DA:201,23
DA:204,14
DA:205,2
DA:207,12
DA:211,1
DA:214,0
DA:218,0
DA:226,4
LF:39
LH:35
BRDA:104,0,0,6
BRDA:104,0,1,42
BRDA:118,1,0,6
BRDA:118,1,1,36
BRDA:190,2,0,2
BRDA:190,2,1,14
BRDA:204,3,0,2
BRDA:204,3,1,12
BRF:8
BRH:8
end_of_record
TN:
SF:src\business\SecurityBusiness.ts
FN:13,login
FN:14,(anonymous_2)
FN:18,(anonymous_3)
FN:42,(anonymous_4)
FNF:4
FNH:3
FNDA:6,login
FNDA:6,(anonymous_2)
FNDA:6,(anonymous_3)
FNDA:0,(anonymous_4)
DA:1,4
DA:2,4
DA:3,4
DA:5,4
DA:6,4
DA:7,4
DA:8,4
DA:10,4
DA:14,6
DA:15,6
DA:17,6
DA:19,6
DA:20,5
DA:26,5
DA:30,5
DA:32,1
DA:34,1
DA:35,1
DA:36,1
DA:37,1
DA:39,1
DA:43,0
DA:47,0
DA:55,4
LF:24
LH:22
BRDA:19,0,0,5
BRDA:19,0,1,1
BRF:2
BRH:2
end_of_record
TN:
SF:src\connectors\MongoDBConnector.ts
FN:12,(anonymous_0)
FN:15,(anonymous_1)
FNF:2
FNH:1
FNDA:4,(anonymous_0)
FNDA:0,(anonymous_1)
DA:1,4
DA:2,4
DA:5,4
DA:9,4
DA:13,4
DA:16,0
DA:17,0
DA:20,4
LF:8
LH:6
BRF:0
BRH:0
end_of_record
TN:
SF:src\controllers\ActivityController.ts
FN:11,getActivity
FN:15,(anonymous_2)
FN:16,(anonymous_3)
FN:21,(anonymous_4)
FN:30,getActivityById
FN:48,(anonymous_6)
FN:51,(anonymous_7)
FN:62,startActivity
FN:104,(anonymous_9)
FN:107,(anonymous_10)
FN:137,stopActivityById
FN:180,(anonymous_12)
FN:183,(anonymous_13)
FN:194,deleteActivityById
FN:212,(anonymous_15)
FN:215,(anonymous_16)
FNF:16
FNH:14
FNDA:1,getActivity
FNDA:1,(anonymous_2)
FNDA:24,(anonymous_3)
FNDA:0,(anonymous_4)
FNDA:3,getActivityById
FNDA:1,(anonymous_6)
FNDA:2,(anonymous_7)
FNDA:3,startActivity
FNDA:2,(anonymous_9)
FNDA:0,(anonymous_10)
FNDA:4,stopActivityById
FNDA:1,(anonymous_12)
FNDA:2,(anonymous_13)
FNDA:3,deleteActivityById
FNDA:1,(anonymous_15)
FNDA:2,(anonymous_16)
DA:1,4
DA:2,4
DA:4,4
DA:5,4
DA:6,4
DA:8,4
DA:12,1
DA:14,1
DA:16,1
DA:17,24
DA:19,1
DA:22,0
DA:26,0
DA:31,3
DA:33,3
DA:35,3
DA:36,0
DA:38,0
DA:39,0
DA:40,0
DA:41,0
DA:43,0
DA:44,0
DA:47,3
DA:49,1
DA:52,2
DA:53,2
DA:57,0
DA:58,0
DA:63,3
DA:65,3
DA:67,3
DA:68,0
DA:70,0
DA:71,0
DA:72,0
DA:73,0
DA:75,0
DA:76,0
DA:79,3
DA:80,1
DA:82,1
DA:83,1
DA:84,1
DA:85,1
DA:87,1
DA:88,1
DA:91,2
DA:92,0
DA:94,0
DA:95,0
DA:96,0
DA:97,0
DA:99,0
DA:100,0
DA:103,2
DA:105,2
DA:108,0
DA:109,0
DA:113,0
DA:114,0
DA:138,4
DA:140,4
DA:141,4
DA:143,4
DA:144,0
DA:146,0
DA:147,0
DA:148,0
DA:149,0
DA:151,0
DA:152,0
DA:155,4
DA:156,1
DA:158,1
DA:159,1
DA:160,1
DA:161,1
DA:163,1
DA:164,1
DA:167,3
DA:168,0
DA:170,0
DA:171,0
DA:172,0
DA:173,0
DA:175,0
DA:176,0
DA:179,3
DA:181,1
DA:184,2
DA:185,2
DA:189,0
DA:190,0
DA:195,3
DA:197,3
DA:199,3
DA:200,0
DA:202,0
DA:203,0
DA:204,0
DA:205,0
DA:207,0
DA:208,0
DA:211,3
DA:213,1
DA:216,2
DA:217,2
DA:221,0
DA:222,0
DA:229,4
LF:111
LH:57
BRDA:35,0,0,0
BRDA:35,0,1,3
BRDA:67,1,0,0
BRDA:67,1,1,3
BRDA:79,2,0,1
BRDA:79,2,1,2
BRDA:91,3,0,0
BRDA:91,3,1,2
BRDA:143,4,0,0
BRDA:143,4,1,4
BRDA:155,5,0,1
BRDA:155,5,1,3
BRDA:167,6,0,0
BRDA:167,6,1,3
BRDA:199,7,0,0
BRDA:199,7,1,3
BRF:16
BRH:10
end_of_record
TN:
SF:src\controllers\ProjectController.ts
FN:11,getProject
FN:15,(anonymous_2)
FN:18,(anonymous_3)
FN:29,getProjectById
FN:47,(anonymous_5)
FN:50,(anonymous_6)
FN:61,addProject
FN:79,(anonymous_8)
FN:82,(anonymous_9)
FN:93,updateProjectById
FN:124,(anonymous_11)
FN:127,(anonymous_12)
FN:138,deleteProjectById
FN:156,(anonymous_14)
FN:159,(anonymous_15)
FNF:15
FNH:13
FNDA:1,getProject
FNDA:1,(anonymous_2)
FNDA:0,(anonymous_3)
FNDA:4,getProjectById
FNDA:1,(anonymous_5)
FNDA:3,(anonymous_6)
FNDA:2,addProject
FNDA:1,(anonymous_8)
FNDA:0,(anonymous_9)
FNDA:3,updateProjectById
FNDA:1,(anonymous_11)
FNDA:1,(anonymous_12)
FNDA:3,deleteProjectById
FNDA:1,(anonymous_14)
FNDA:2,(anonymous_15)
DA:1,4
DA:2,4
DA:4,4
DA:6,4
DA:8,4
DA:12,1
DA:14,1
DA:16,1
DA:19,0
DA:20,0
DA:24,0
DA:25,0
DA:30,4
DA:32,4
DA:34,4
DA:35,0
DA:37,0
DA:38,0
DA:39,0
DA:40,0
DA:42,0
DA:43,0
DA:46,4
DA:48,1
DA:51,3
DA:52,3
DA:56,0
DA:57,0
DA:62,2
DA:64,2
DA:66,2
DA:67,1
DA:69,1
DA:70,1
DA:71,1
DA:72,1
DA:74,1
DA:75,1
DA:78,1
DA:80,1
DA:83,0
DA:84,0
DA:88,0
DA:89,0
DA:94,3
DA:96,3
DA:97,3
DA:99,3
DA:100,0
DA:102,0
DA:103,0
DA:104,0
DA:105,0
DA:107,0
DA:108,0
DA:111,3
DA:112,1
DA:114,1
DA:115,1
DA:116,1
DA:117,1
DA:119,1
DA:120,1
DA:123,2
DA:125,1
DA:128,1
DA:129,1
DA:133,0
DA:134,0
DA:139,3
DA:141,3
DA:143,3
DA:144,0
DA:146,0
DA:147,0
DA:148,0
DA:149,0
DA:151,0
DA:152,0
DA:155,3
DA:157,1
DA:160,2
DA:161,2
DA:165,0
DA:166,0
DA:173,4
LF:86
LH:51
BRDA:34,0,0,0
BRDA:34,0,1,4
BRDA:66,1,0,1
BRDA:66,1,1,1
BRDA:99,2,0,0
BRDA:99,2,1,3
BRDA:111,3,0,1
BRDA:111,3,1,2
BRDA:143,4,0,0
BRDA:143,4,1,3
BRF:10
BRH:7
end_of_record
TN:
SF:src\controllers\ReportController.ts
FN:9,getActivitiesByUser
FN:13,(anonymous_1)
FN:16,(anonymous_2)
FN:25,getActivitiesByProject
FN:29,(anonymous_4)
FN:32,(anonymous_5)
FNF:6
FNH:4
FNDA:3,getActivitiesByUser
FNDA:3,(anonymous_1)
FNDA:0,(anonymous_2)
FNDA:1,getActivitiesByProject
FNDA:1,(anonymous_4)
FNDA:0,(anonymous_5)
DA:1,4
DA:2,4
DA:6,4
DA:10,3
DA:12,3
DA:14,3
DA:17,0
DA:21,0
DA:26,1
DA:28,1
DA:30,1
DA:33,0
DA:37,0
DA:44,4
LF:14
LH:10
BRF:0
BRH:0
end_of_record
TN:
SF:src\controllers\SecurityController.ts
FN:11,login
FN:41,(anonymous_2)
FN:44,(anonymous_3)
FNF:3
FNH:3
FNDA:8,login
FNDA:5,(anonymous_2)
FNDA:1,(anonymous_3)
DA:1,4
DA:2,4
DA:4,4
DA:5,4
DA:8,4
DA:12,8
DA:14,8
DA:15,8
DA:17,8
DA:18,1
DA:20,1
DA:21,1
DA:22,1
DA:23,1
DA:25,1
DA:26,1
DA:28,7
DA:29,1
DA:31,1
DA:32,1
DA:33,1
DA:34,1
DA:36,1
DA:37,1
DA:40,6
DA:42,5
DA:45,1
DA:46,1
DA:50,0
DA:51,0
DA:58,4
LF:31
LH:29
BRDA:17,0,0,1
BRDA:17,0,1,7
BRDA:28,1,0,1
BRDA:28,1,1,6
BRF:4
BRH:4
end_of_record
TN:
SF:src\middleware\AuthenticationMiddleware.ts
FN:18,validateToken
FN:28,(anonymous_2)
FNF:2
FNH:2
FNDA:45,validateToken
FNDA:33,(anonymous_2)
DA:1,4
DA:2,4
DA:3,4
DA:4,4
DA:6,4
DA:7,4
DA:19,45
DA:21,45
DA:24,45
DA:25,33
DA:28,33
DA:29,33
DA:30,0
DA:32,0
DA:33,0
DA:34,0
DA:35,0
DA:37,0
DA:39,33
DA:41,33
DA:42,6
DA:43,4
DA:45,2
DA:47,2
DA:48,2
DA:49,2
DA:50,2
DA:52,2
DA:55,27
DA:60,12
DA:62,12
DA:63,12
DA:64,12
DA:65,12
DA:67,12
DA:71,0
DA:75,4
LF:37
LH:30
BRDA:24,0,0,33
BRDA:24,0,1,12
BRDA:29,1,0,0
BRDA:29,1,1,33
BRDA:41,2,0,6
BRDA:41,2,1,27
BRDA:42,3,0,4
BRDA:42,3,1,2
BRF:8
BRH:7
end_of_record
TN:
SF:src\models\ActivityModel.ts
FNF:0
FNH:0
DA:3,4
DA:4,4
DA:6,4
DA:16,4
DA:18,4
LF:5
LH:5
BRF:0
BRH:0
end_of_record
TN:
SF:src\models\ProjectModel.ts
FNF:0
FNH:0
DA:1,4
DA:2,4
DA:4,4
DA:9,4
DA:11,4
LF:5
LH:5
BRF:0
BRH:0
end_of_record
TN:
SF:src\models\ReportModel.ts
FNF:0
FNH:0
DA:3,4
DA:4,4
DA:6,4
DA:13,4
DA:15,4
LF:5
LH:5
BRF:0
BRH:0
end_of_record
TN:
SF:src\models\UserModel.ts
FNF:0
FNH:0
DA:3,4
DA:4,4
DA:6,4
DA:13,4
DA:15,4
LF:5
LH:5
BRF:0
BRH:0
end_of_record
TN:
SF:src\routes\TimeTrackerRoute.ts
FNF:0
FNH:0
DA:1,4
DA:3,4
DA:5,4
DA:6,4
DA:7,4
DA:8,4
DA:16,4
DA:24,4
DA:32,4
DA:40,4
DA:45,4
LF:11
LH:11
BRF:0
BRH:0
end_of_record
TN:
SF:src\services\ActivityService.ts
FNF:0
FNH:0
DA:1,4
DA:2,4
DA:4,4
DA:32,4
DA:63,4
DA:93,4
DA:161,4
DA:192,4
DA:197,4
LF:9
LH:9
BRF:0
BRH:0
end_of_record
TN:
SF:src\services\ProjectService.ts
FNF:0
FNH:0
DA:1,4
DA:2,4
DA:4,4
DA:30,4
DA:61,4
DA:91,4
DA:129,4
DA:160,4
DA:162,4
LF:9
LH:9
BRF:0
BRH:0
end_of_record
TN:
SF:src\services\ReportService.ts
FNF:0
FNH:0
DA:1,4
DA:2,4
DA:4,4
DA:32,4
DA:60,4
DA:65,4
LF:6
LH:6
BRF:0
BRH:0
end_of_record
TN:
SF:src\services\SecurityService.ts
FNF:0
FNH:0
DA:1,4
DA:2,4
DA:4,4
DA:32,4
DA:37,4
LF:5
LH:5
BRF:0
BRH:0
end_of_record
TN:
SF:src\utils\ErrorHandler.ts
FN:8,sendError
FN:19,getError
FNF:2
FNH:2
FNDA:33,sendError
FNDA:6,getError
DA:1,4
DA:2,4
DA:4,4
DA:6,4
DA:8,66
DA:9,33
DA:10,33
DA:13,33
DA:15,0
DA:19,12
DA:20,6
DA:22,6
DA:23,6
DA:24,6
DA:25,6
DA:27,6
DA:30,4
LF:17
LH:16
BRDA:8,0,0,33
BRDA:8,0,1,0
BRDA:19,1,0,6
BRDA:19,1,1,0
BRF:4
BRH:2
end_of_record
TN:
SF:src\utils\LudyConsole.ts
FN:5,(anonymous_1)
FN:8,(anonymous_3)
FN:13,(anonymous_4)
FN:17,(anonymous_5)
FN:21,(anonymous_6)
FNF:5
FNH:2
FNDA:4,(anonymous_1)
FNDA:4,(anonymous_3)
FNDA:0,(anonymous_4)
FNDA:0,(anonymous_5)
FNDA:0,(anonymous_6)
DA:1,4
DA:3,4
DA:5,4
DA:6,4
DA:8,8
DA:9,4
DA:10,4
DA:13,4
DA:14,0
DA:17,4
DA:18,0
DA:21,4
DA:22,0
DA:23,0
DA:26,4
DA:28,4
LF:16
LH:12
BRDA:8,0,0,4
BRDA:8,0,1,0
BRF:2
BRH:1
end_of_record
